total: 257
0: http://auth-31d07c2fe3c3419c96fcecc81c6e1a6d.cdn.spilcloud.com/dev-ef/159abf13-c37c-48fe-46d8-f87df39076cf.bin 401
1: http://auth-31d07c2fe3c3419c96fcecc81c6e1a6d.cdn.spilcloud.com/dev-2a6/f13f5833-4175-4020-5736-79dbcd75d243.bin 401
2: http://auth-31d07c2fe3c3419c96fcecc81c6e1a6d.cdn.spilcloud.com/dev-ef/7b6aa0ed-ce84-4ce0-7a03-d45b149f2cf0.bin 401
3: http://auth-31d07c2fe3c3419c96fcecc81c6e1a6d.cdn.spilcloud.com/dev-2a6/c44af293-f2e1-4ce0-45e7-5df42b1ffa5e.bin 401
4: http://auth-31d07c2fe3c3419c96fcecc81c6e1a6d.cdn.spilcloud.com/dev-ef/4125c4ae-d68a-472e-53f3-8dedbb8c6a97.bin 401
5: http://auth-31d07c2fe3c3419c96fcecc81c6e1a6d.cdn.spilcloud.com/dev-ed/8cf4f87b-0789-4478-4b57-b4e4497bc6ec.bin 401
6: http://auth-31d07c2fe3c3419c96fcecc81c6e1a6d.cdn.spilcloud.com/dev-2a6/d02bf1bb-5219-4548-5824-cb9fd9856534.bin 401
7: http://auth-31d07c2fe3c3419c96fcecc81c6e1a6d.cdn.spilcloud.com/dev-ef/baaa4a4c-0faa-4d94-7080-85500a757e00.bin 401
8: http://auth-31d07c2fe3c3419c96fcecc81c6e1a6d.cdn.spilcloud.com/dev-ef/4ee2efb2-ea8c-43e3-52ba-d93ad5966c1f.bin 401
9: http://auth-31d07c2fe3c3419c96fcecc81c6e1a6d.cdn.spilcloud.com/dev-ed/a882f95a-2862-4a96-792b-e03ab899ab28.bin 401
10: http://auth-31d07c2fe3c3419c96fcecc81c6e1a6d.cdn.spilcloud.com/dev-ed/d71f3870-4b3a-4723-7424-69e9885c0e9e.bin 401
11: http://auth-31d07c2fe3c3419c96fcecc81c6e1a6d.cdn.spilcloud.com/dev-ef/c09d27e8-50a6-46e7-4a9c-d2a737944ccc.bin 401
12: http://auth-31d07c2fe3c3419c96fcecc81c6e1a6d.cdn.spilcloud.com/dev-ed/0862947d-d12b-492b-66ce-9bda52bde875.bin 401
13: http://auth-31d07c2fe3c3419c96fcecc81c6e1a6d.cdn.spilcloud.com/dev-ef/95c80d0b-a97a-4e24-4eb7-9cd5a1091763.bin 401
14: http://auth-31d07c2fe3c3419c96fcecc81c6e1a6d.cdn.spilcloud.com/dev-2a6/ac83b572-be53-43f3-5820-011f7d985803.bin 401
15: http://auth-31d07c2fe3c3419c96fcecc81c6e1a6d.cdn.spilcloud.com/dev-2a6/fd93ee22-e135-4872-4f57-a5a980f118f7.bin 401
16: http://auth-31d07c2fe3c3419c96fcecc81c6e1a6d.cdn.spilcloud.com/dev-2a6/538e1c00-3a34-4214-6ecf-7d19bfa8ffc3.bin 401
17: http://auth-31d07c2fe3c3419c96fcecc81c6e1a6d.cdn.spilcloud.com/dev-ed/612ee74c-4ef3-46d9-4ac1-99dac75ad7d5.bin 401
18: http://auth-31d07c2fe3c3419c96fcecc81c6e1a6d.cdn.spilcloud.com/dev-2a6/105d8cd3-6f40-4e87-69d8-573d898b079d.bin 401
19: http://auth-31d07c2fe3c3419c96fcecc81c6e1a6d.cdn.spilcloud.com/dev-2a6/7c65db21-a52a-45df-63b5-002913ae708b.bin 401
20: http://auth-31d07c2fe3c3419c96fcecc81c6e1a6d.cdn.spilcloud.com/dev-ed/0f138586-2f75-43ff-58c9-9c985fa32092.bin 401
21: http://auth-31d07c2fe3c3419c96fcecc81c6e1a6d.cdn.spilcloud.com/dev-ef/df3dc565-b1de-411c-5be4-91cf04331103.bin 401
22: http://auth-31d07c2fe3c3419c96fcecc81c6e1a6d.cdn.spilcloud.com/dev-ef/99f2b5b5-33a5-47b4-495f-0a400131e854.bin 401
23: http://auth-31d07c2fe3c3419c96fcecc81c6e1a6d.cdn.spilcloud.com/dev-2a6/bfecc9a3-1476-4a46-48f9-f491622c3fda.bin 401
24: http://auth-31d07c2fe3c3419c96fcecc81c6e1a6d.cdn.spilcloud.com/dev-ef/afcf3b09-4e86-4d46-709c-6bc88b80a264.bin 401
25: http://auth-31d07c2fe3c3419c96fcecc81c6e1a6d.cdn.spilcloud.com/dev-2a6/6d2c7e49-a3e7-4d73-50ad-fd8a3c3ac176.bin 401
26: http://auth-31d07c2fe3c3419c96fcecc81c6e1a6d.cdn.spilcloud.com/dev-ef/29068bc3-8106-410a-76e4-d69ed6db9c3c.bin 401
27: http://auth-31d07c2fe3c3419c96fcecc81c6e1a6d.cdn.spilcloud.com/dev-ef/7a3405a9-a19e-4db7-4597-8e3961b6220a.bin 401
28: http://auth-31d07c2fe3c3419c96fcecc81c6e1a6d.cdn.spilcloud.com/dev-ed/8276b76f-03fd-457e-62d4-1047a4c9ec75.bin 401
29: http://auth-31d07c2fe3c3419c96fcecc81c6e1a6d.cdn.spilcloud.com/dev-ed/1a85b759-b860-4d08-4548-93cb2321c79f.bin 401
30: http://auth-31d07c2fe3c3419c96fcecc81c6e1a6d.cdn.spilcloud.com/dev-ed/629acba7-f172-4dd1-7bd7-750d8383e458.bin 401
31: http://auth-31d07c2fe3c3419c96fcecc81c6e1a6d.cdn.spilcloud.com/dev-ed/7ef0930b-fdc9-4bb3-6217-012d057cd918.bin 401
32: http://auth-31d07c2fe3c3419c96fcecc81c6e1a6d.cdn.spilcloud.com/dev-ed/098f960a-f3f1-4865-5172-39298e9866d9.bin 401
33: http://auth-31d07c2fe3c3419c96fcecc81c6e1a6d.cdn.spilcloud.com/dev-ef/56e5dbef-b5a4-43a2-6f02-5cfafffaf4fe.bin 401
34: http://auth-31d07c2fe3c3419c96fcecc81c6e1a6d.cdn.spilcloud.com/dev-ef/baf2f32d-21e1-4be5-5015-feaeddbfba2e.bin 401
35: http://auth-31d07c2fe3c3419c96fcecc81c6e1a6d.cdn.spilcloud.com/dev-ef/e1ca0644-130f-4bea-57eb-ddba4a57a7d4.bin 401
36: http://auth-31d07c2fe3c3419c96fcecc81c6e1a6d.cdn.spilcloud.com/dev-2a6/aff5d6d9-97c3-4982-51fb-72552d653b0d.bin 401
37: http://auth-31d07c2fe3c3419c96fcecc81c6e1a6d.cdn.spilcloud.com/dev-ef/5075168f-5d61-4134-5a1b-3105fd6a6c99.bin 401
38: http://auth-31d07c2fe3c3419c96fcecc81c6e1a6d.cdn.spilcloud.com/dev-ed/45613663-67bf-4d60-5cd3-fe1bb4b0b61c.bin 401
39: http://auth-31d07c2fe3c3419c96fcecc81c6e1a6d.cdn.spilcloud.com/dev-ed/79b7c760-d2a1-475f-68df-5be54aa9ace0.bin 401
40: http://auth-31d07c2fe3c3419c96fcecc81c6e1a6d.cdn.spilcloud.com/dev-ef/822880b9-bd9f-48ae-68d0-0f314af40afa.bin 401
41: http://auth-31d07c2fe3c3419c96fcecc81c6e1a6d.cdn.spilcloud.com/dev-ed/3c2fd8e5-c68d-4102-6a7a-ed37c9b4d0fd.bin 401
42: http://auth-31d07c2fe3c3419c96fcecc81c6e1a6d.cdn.spilcloud.com/dev-2a6/13fd590d-d8cf-4f6a-6666-8323197fc623.bin 401
43: http://auth-31d07c2fe3c3419c96fcecc81c6e1a6d.cdn.spilcloud.com/dev-ed/f4caa0d0-f596-43e6-4d50-0effb9381c28.bin 401
44: http://auth-31d07c2fe3c3419c96fcecc81c6e1a6d.cdn.spilcloud.com/dev-2a6/5eb58676-b5f3-4000-6623-2036badd7c6e.bin 401
45: http://auth-31d07c2fe3c3419c96fcecc81c6e1a6d.cdn.spilcloud.com/dev-2a6/65bfa37d-2311-4005-418a-c439e2a58c14.bin 401
46: http://auth-31d07c2fe3c3419c96fcecc81c6e1a6d.cdn.spilcloud.com/dev-ef/4ef13057-7faf-4d21-62a2-b1be903ff732.bin 401
47: http://auth-31d07c2fe3c3419c96fcecc81c6e1a6d.cdn.spilcloud.com/dev-ed/f847c379-1f97-4998-417a-7d3cb0191e35.bin 401
48: http://auth-31d07c2fe3c3419c96fcecc81c6e1a6d.cdn.spilcloud.com/dev-ef/de675876-5d77-4d19-49f6-041bc5f46ce1.bin 401
49: http://auth-31d07c2fe3c3419c96fcecc81c6e1a6d.cdn.spilcloud.com/dev-ed/90672a9d-98ab-4510-61c4-23a4fd8b33bc.bin 401
50: http://auth-31d07c2fe3c3419c96fcecc81c6e1a6d.cdn.spilcloud.com/dev-ef/042d52c0-2275-47b9-7a46-fceca380d8fa.bin 401
51: http://auth-31d07c2fe3c3419c96fcecc81c6e1a6d.cdn.spilcloud.com/dev-ed/8a82f9e6-5b05-4b85-5aee-ddfdd656e8d8.bin 401
52: http://auth-31d07c2fe3c3419c96fcecc81c6e1a6d.cdn.spilcloud.com/dev-ed/f69336de-5fca-47b2-7444-0aa7f7953568.bin 401
53: http://auth-31d07c2fe3c3419c96fcecc81c6e1a6d.cdn.spilcloud.com/dev-ed/531830b8-de31-4c3d-67f9-f9af83217cef.bin 401
54: http://auth-31d07c2fe3c3419c96fcecc81c6e1a6d.cdn.spilcloud.com/dev-ef/4c8622df-a83e-4c3b-4d06-3b4ab9916e58.bin 401
55: http://auth-31d07c2fe3c3419c96fcecc81c6e1a6d.cdn.spilcloud.com/dev-ef/0d38f748-e3c8-4751-4a0a-6cd0ffc44963.bin 401
56: http://auth-31d07c2fe3c3419c96fcecc81c6e1a6d.cdn.spilcloud.com/dev-ef/abe46a54-2a2d-4df7-59e7-b1fa51b8eb7e.bin 401
57: http://auth-31d07c2fe3c3419c96fcecc81c6e1a6d.cdn.spilcloud.com/dev-ed/82c40201-418c-4409-6def-271b9b3cdde9.bin 401
58: http://auth-31d07c2fe3c3419c96fcecc81c6e1a6d.cdn.spilcloud.com/dev-ef/a589ad25-eba3-45c8-5764-cd32f191c03a.bin 401
59: http://auth-31d07c2fe3c3419c96fcecc81c6e1a6d.cdn.spilcloud.com/dev-ef/4ff844b6-fa4e-4677-455b-f8223a243772.bin 401
60: http://auth-31d07c2fe3c3419c96fcecc81c6e1a6d.cdn.spilcloud.com/dev-ed/5879b6d8-29c4-461f-43c0-31901e574dcd.bin 401
61: http://auth-31d07c2fe3c3419c96fcecc81c6e1a6d.cdn.spilcloud.com/dev-ef/156868b3-28f0-45d2-4d80-dd013dd6d81e.bin 401
62: http://auth-31d07c2fe3c3419c96fcecc81c6e1a6d.cdn.spilcloud.com/dev-ed/ba338148-0116-456c-78ea-2003a0f20316.bin 401
63: http://auth-31d07c2fe3c3419c96fcecc81c6e1a6d.cdn.spilcloud.com/dev-2a6/50fbf4fb-09f6-4eed-5f85-1efa71ab2cb0.bin 401
64: http://auth-31d07c2fe3c3419c96fcecc81c6e1a6d.cdn.spilcloud.com/dev-ef/486b4e20-884b-4695-791b-2d3b924684f0.bin 401
65: http://auth-31d07c2fe3c3419c96fcecc81c6e1a6d.cdn.spilcloud.com/dev-ef/b9abb9b3-ebdd-42f3-55e1-2c3b65e247a1.bin 401
66: http://auth-31d07c2fe3c3419c96fcecc81c6e1a6d.cdn.spilcloud.com/dev-ed/f914f002-1dab-41c3-4263-e1a369bbcf79.bin 401
67: http://auth-31d07c2fe3c3419c96fcecc81c6e1a6d.cdn.spilcloud.com/dev-2a6/7e461524-497f-4d16-671f-a942ed9ad4ce.bin 401
68: http://auth-31d07c2fe3c3419c96fcecc81c6e1a6d.cdn.spilcloud.com/dev-2a6/65aeedf9-f81e-44d9-78b2-a3e14ee39f4e.bin 401
69: http://auth-31d07c2fe3c3419c96fcecc81c6e1a6d.cdn.spilcloud.com/dev-2a6/23881095-77f2-493d-734a-bf7bb8658625.bin 401
70: http://auth-31d07c2fe3c3419c96fcecc81c6e1a6d.cdn.spilcloud.com/dev-2a6/f200196b-98af-4c8e-5b5c-39b106401576.bin 401
71: http://auth-31d07c2fe3c3419c96fcecc81c6e1a6d.cdn.spilcloud.com/dev-2a6/c60e6d14-1f3e-49da-69dd-51811e4bef3c.bin 401
72: http://auth-31d07c2fe3c3419c96fcecc81c6e1a6d.cdn.spilcloud.com/dev-ef/365ae6d5-4249-4cd4-572b-475b64309dfa.bin 401
73: http://auth-31d07c2fe3c3419c96fcecc81c6e1a6d.cdn.spilcloud.com/dev-2a6/12cdd63f-cb33-4fd5-64f7-846fc70eb9e1.bin 401
74: http://auth-31d07c2fe3c3419c96fcecc81c6e1a6d.cdn.spilcloud.com/dev-2a6/96ee09cf-7272-41ac-5451-770e5787fab2.bin 401
75: http://auth-31d07c2fe3c3419c96fcecc81c6e1a6d.cdn.spilcloud.com/dev-ed/4f822c2f-9729-41b1-4b9e-67f2792dc270.bin 401
76: http://auth-31d07c2fe3c3419c96fcecc81c6e1a6d.cdn.spilcloud.com/dev-ef/cfb4fbda-7f76-40da-522f-3c5ecfafdaea.bin 401
77: http://auth-31d07c2fe3c3419c96fcecc81c6e1a6d.cdn.spilcloud.com/dev-2a6/2a0b3336-4b2e-4e31-6630-7afa43d20e72.bin 401
78: http://auth-31d07c2fe3c3419c96fcecc81c6e1a6d.cdn.spilcloud.com/dev-ed/7eea92e1-b78d-432a-6b3e-19ac711683a8.bin 401
79: http://auth-31d07c2fe3c3419c96fcecc81c6e1a6d.cdn.spilcloud.com/dev-ef/15e0a561-42c8-423d-5edb-697ae6231c81.bin 401
80: http://auth-31d07c2fe3c3419c96fcecc81c6e1a6d.cdn.spilcloud.com/dev-ed/5b2b7eca-2faf-42b6-4085-1c3cd6fd5640.bin 401
81: http://auth-31d07c2fe3c3419c96fcecc81c6e1a6d.cdn.spilcloud.com/dev-2a6/ecaebd11-3f16-43ac-4672-83fcb37c9ba9.bin 401
82: http://auth-31d07c2fe3c3419c96fcecc81c6e1a6d.cdn.spilcloud.com/dev-2a6/63f1c0a4-9b77-4780-7d91-cabae14f83e8.bin 401
83: http://auth-31d07c2fe3c3419c96fcecc81c6e1a6d.cdn.spilcloud.com/dev-2a6/c3fa051a-6435-42a2-4674-82103a51fe80.bin 401
84: http://auth-31d07c2fe3c3419c96fcecc81c6e1a6d.cdn.spilcloud.com/dev-ed/2b6a3565-35e1-44a0-7b5f-d464886d498c.bin 401
85: http://auth-31d07c2fe3c3419c96fcecc81c6e1a6d.cdn.spilcloud.com/dev-2a6/e6a82e2f-13de-4515-73f1-9eaf6648e86d.bin 401
86: http://auth-31d07c2fe3c3419c96fcecc81c6e1a6d.cdn.spilcloud.com/dev-2a6/abd835a3-3ae6-4db7-4ee2-3a994e1563c1.bin 401
87: http://auth-31d07c2fe3c3419c96fcecc81c6e1a6d.cdn.spilcloud.com/dev-ef/eeb2fdac-8299-4d7e-55e8-53b371b3ce29.bin 401
88: http://auth-31d07c2fe3c3419c96fcecc81c6e1a6d.cdn.spilcloud.com/dev-ed/0d1b7eb0-52d5-4e84-5254-e880a0002c59.bin 401
89: http://auth-31d07c2fe3c3419c96fcecc81c6e1a6d.cdn.spilcloud.com/dev-ed/c9d2ac77-c10b-49f2-7607-1c1996849a71.bin 401
90: http://auth-31d07c2fe3c3419c96fcecc81c6e1a6d.cdn.spilcloud.com/dev-ef/440882a6-f1cd-4dd2-5f4c-8b14bd854fdf.bin 401
91: http://auth-31d07c2fe3c3419c96fcecc81c6e1a6d.cdn.spilcloud.com/dev-2a6/8e29eb9b-5050-4d32-7f00-cdaa19b7a8ab.bin 401
92: http://auth-31d07c2fe3c3419c96fcecc81c6e1a6d.cdn.spilcloud.com/dev-ed/c829fb34-87e1-4870-7de8-e2285035e9f4.bin 401
93: http://auth-31d07c2fe3c3419c96fcecc81c6e1a6d.cdn.spilcloud.com/dev-ed/b1225121-c2ce-4a4e-6919-8d39cd4099b7.bin 401
94: http://auth-31d07c2fe3c3419c96fcecc81c6e1a6d.cdn.spilcloud.com/dev-ef/9f122dbb-c492-497f-6eb6-efd8848815cd.bin 401
95: http://auth-31d07c2fe3c3419c96fcecc81c6e1a6d.cdn.spilcloud.com/dev-2a6/d04b5253-6ea5-49da-5f48-7db27b7a2666.bin 401
96: http://auth-31d07c2fe3c3419c96fcecc81c6e1a6d.cdn.spilcloud.com/dev-ed/7b7a771c-6a6e-4d37-49fa-9da3384f6483.bin 401
97: http://auth-31d07c2fe3c3419c96fcecc81c6e1a6d.cdn.spilcloud.com/dev-ef/f9a78c7c-8cfa-4654-45a8-42231465cfa6.bin 401
98: http://auth-31d07c2fe3c3419c96fcecc81c6e1a6d.cdn.spilcloud.com/dev-ef/6efe3122-f787-4924-5003-9f6b2a56da73.bin 401
99: http://auth-31d07c2fe3c3419c96fcecc81c6e1a6d.cdn.spilcloud.com/dev-2a6/aca55d08-b823-418a-7c6b-747f3ea54cb6.bin 401
100: http://auth-31d07c2fe3c3419c96fcecc81c6e1a6d.cdn.spilcloud.com/dev-ed/cc19f20e-a036-4298-5320-c3bf8e28557d.bin 401
101: http://auth-31d07c2fe3c3419c96fcecc81c6e1a6d.cdn.spilcloud.com/dev-ed/087b4dd8-315a-4904-784f-cf2ec9cd00a6.bin 401
102: http://auth-31d07c2fe3c3419c96fcecc81c6e1a6d.cdn.spilcloud.com/dev-ef/55f3d7be-4f40-45c9-6e80-d43e6be44051.bin 401
103: http://auth-31d07c2fe3c3419c96fcecc81c6e1a6d.cdn.spilcloud.com/dev-ef/67d2063d-690a-4072-5ce6-a187f39b3a55.bin 401
104: http://auth-31d07c2fe3c3419c96fcecc81c6e1a6d.cdn.spilcloud.com/dev-ef/77ba5880-bc5d-4699-72e3-5583f1856a5f.bin 401
105: http://auth-31d07c2fe3c3419c96fcecc81c6e1a6d.cdn.spilcloud.com/dev-2a6/b7f97158-1221-4060-56b0-731dc68f006b.bin 401
106: http://auth-31d07c2fe3c3419c96fcecc81c6e1a6d.cdn.spilcloud.com/dev-2a6/ecc226e9-3a2c-4446-44b9-978b9716e07a.bin 401
107: http://auth-31d07c2fe3c3419c96fcecc81c6e1a6d.cdn.spilcloud.com/dev-ed/2212c781-a7de-417b-4a76-0802df4c8ffe.bin 401
108: http://auth-31d07c2fe3c3419c96fcecc81c6e1a6d.cdn.spilcloud.com/dev-2a6/61d28672-0293-4a65-56de-1f382d3b3a14.bin 401
109: http://auth-31d07c2fe3c3419c96fcecc81c6e1a6d.cdn.spilcloud.com/dev-ed/bc6def79-99ad-419f-400e-c590a50a3e88.bin 401
110: http://auth-31d07c2fe3c3419c96fcecc81c6e1a6d.cdn.spilcloud.com/dev-ef/b91f2d59-1f56-4ca4-7c88-d3065a2a6788.bin 401
111: http://auth-31d07c2fe3c3419c96fcecc81c6e1a6d.cdn.spilcloud.com/dev-ef/9097a726-c931-4b16-5935-ec0c52dfc60a.bin 401
112: http://auth-31d07c2fe3c3419c96fcecc81c6e1a6d.cdn.spilcloud.com/dev-ed/579f4bb7-c225-49cc-681e-8bff47f433c7.bin 401
113: http://auth-31d07c2fe3c3419c96fcecc81c6e1a6d.cdn.spilcloud.com/dev-ef/f9543866-4d26-4d38-5278-4d62fb5ee698.bin 401
114: http://auth-31d07c2fe3c3419c96fcecc81c6e1a6d.cdn.spilcloud.com/dev-ed/71cf8fb0-4f14-4566-7d63-0b0fffb9abfd.bin 401
115: http://auth-31d07c2fe3c3419c96fcecc81c6e1a6d.cdn.spilcloud.com/dev-ed/6140fcce-69ef-4e63-5733-d09a3924c3d3.bin 401
116: http://auth-31d07c2fe3c3419c96fcecc81c6e1a6d.cdn.spilcloud.com/dev-ef/167a4680-2dbc-4924-5225-b5cdf3e5d4cb.bin 401
117: http://auth-31d07c2fe3c3419c96fcecc81c6e1a6d.cdn.spilcloud.com/dev-ef/bc5c8dd8-5ffb-4fbf-433f-64d267a6575f.bin 401
118: http://auth-31d07c2fe3c3419c96fcecc81c6e1a6d.cdn.spilcloud.com/dev-ed/ff81e494-cb65-43d4-6f8e-477418a6b47e.bin 401
119: http://auth-31d07c2fe3c3419c96fcecc81c6e1a6d.cdn.spilcloud.com/dev-2a6/6e2092b5-d3e9-49e3-77e2-35107c763cb9.bin 401
120: http://auth-31d07c2fe3c3419c96fcecc81c6e1a6d.cdn.spilcloud.com/dev-ed/93952bc7-e322-456d-64f5-d65df30339e5.bin 401
121: http://auth-31d07c2fe3c3419c96fcecc81c6e1a6d.cdn.spilcloud.com/dev-ef/c0779703-0f52-4a82-442f-bdde48f7bc2f.bin 401
122: http://auth-31d07c2fe3c3419c96fcecc81c6e1a6d.cdn.spilcloud.com/dev-ef/fccd72b3-49ac-4289-4ed6-6b368650de8e.bin 401
123: http://auth-31d07c2fe3c3419c96fcecc81c6e1a6d.cdn.spilcloud.com/dev-ef/c74d2b68-470d-4572-6512-e38a116c9600.bin 401
124: http://auth-31d07c2fe3c3419c96fcecc81c6e1a6d.cdn.spilcloud.com/dev-ed/038d8885-328c-425a-5488-ce6728b74825.bin 401
125: http://auth-31d07c2fe3c3419c96fcecc81c6e1a6d.cdn.spilcloud.com/dev-ed/8c52ac97-6cde-4234-4271-2d8baf70771b.bin 401
126: http://auth-31d07c2fe3c3419c96fcecc81c6e1a6d.cdn.spilcloud.com/dev-2a6/2f46479a-d154-4375-413b-f3aa56b0fe26.bin 401
127: http://auth-31d07c2fe3c3419c96fcecc81c6e1a6d.cdn.spilcloud.com/dev-ef/3333d5d5-2ed1-4bf1-4a71-c135f72a1b01.bin 401
128: http://auth-31d07c2fe3c3419c96fcecc81c6e1a6d.cdn.spilcloud.com/dev-2a6/f4f763f7-7d4d-4573-52a6-87bba5ea3bca.bin 401
129: http://auth-31d07c2fe3c3419c96fcecc81c6e1a6d.cdn.spilcloud.com/dev-ed/81d53071-bb64-4a3a-7f2b-a02a0b21114a.bin 401
130: http://auth-31d07c2fe3c3419c96fcecc81c6e1a6d.cdn.spilcloud.com/dev-ed/9c4db27d-59bd-4938-461a-d29a6831fff7.bin 401
131: http://auth-31d07c2fe3c3419c96fcecc81c6e1a6d.cdn.spilcloud.com/dev-ed/2537cc6a-0d38-430c-4483-a666a62cf18c.bin 401
132: http://auth-31d07c2fe3c3419c96fcecc81c6e1a6d.cdn.spilcloud.com/dev-ed/c8837040-6aef-4caf-4451-7c4afaf44201.bin 401
133: http://auth-31d07c2fe3c3419c96fcecc81c6e1a6d.cdn.spilcloud.com/dev-2a6/d56a3c1a-e5d2-42bc-715b-3d818dac9b2b.bin 401
134: http://auth-31d07c2fe3c3419c96fcecc81c6e1a6d.cdn.spilcloud.com/dev-2a6/bd1048fc-a95e-4a0f-6b19-2ba0a1fb84f9.bin 401
135: http://auth-31d07c2fe3c3419c96fcecc81c6e1a6d.cdn.spilcloud.com/dev-ed/b01ae877-e4cb-43a0-43af-5ed217a93635.bin 401
136: http://auth-31d07c2fe3c3419c96fcecc81c6e1a6d.cdn.spilcloud.com/dev-ef/c84ee962-8174-4f16-5a46-6d4deaf13b43.bin 401
137: http://auth-31d07c2fe3c3419c96fcecc81c6e1a6d.cdn.spilcloud.com/dev-ef/1950507a-d4df-4e96-5261-0985fd9f8c60.bin 401
138: http://auth-31d07c2fe3c3419c96fcecc81c6e1a6d.cdn.spilcloud.com/dev-ef/27ee98c6-7ed4-45d8-5157-2727a8e5106d.bin 401
139: http://auth-31d07c2fe3c3419c96fcecc81c6e1a6d.cdn.spilcloud.com/dev-ef/a8334440-0c73-409b-6c9a-00af8cf36460.bin 401
140: http://auth-31d07c2fe3c3419c96fcecc81c6e1a6d.cdn.spilcloud.com/dev-ed/604c9388-9de6-4aae-705e-b6c99e88036a.bin 401
141: http://auth-31d07c2fe3c3419c96fcecc81c6e1a6d.cdn.spilcloud.com/dev-ef/f6c3c065-b81d-4cd8-51ed-ab4437275c5b.bin 401
142: http://auth-31d07c2fe3c3419c96fcecc81c6e1a6d.cdn.spilcloud.com/dev-2a6/4ef33e3c-1e36-411c-7d2b-bcd22f27785f.bin 401
143: http://auth-31d07c2fe3c3419c96fcecc81c6e1a6d.cdn.spilcloud.com/dev-ed/46e752a4-67a5-4ca0-4d5c-0c06be4c6a21.bin 401
144: http://auth-31d07c2fe3c3419c96fcecc81c6e1a6d.cdn.spilcloud.com/dev-ed/692f2940-0c9a-4dc4-6906-6198c29f8cfd.bin 401
145: http://auth-31d07c2fe3c3419c96fcecc81c6e1a6d.cdn.spilcloud.com/dev-ef/fdad8ef2-f023-4814-7d95-9d519bfa5562.bin 401
146: http://auth-31d07c2fe3c3419c96fcecc81c6e1a6d.cdn.spilcloud.com/dev-2a6/d07d0a5c-7f5b-4414-567a-e1aa1bba2208.bin 401
147: http://auth-31d07c2fe3c3419c96fcecc81c6e1a6d.cdn.spilcloud.com/dev-2a6/edf35b31-816d-49b9-5a78-c7025e0db343.bin 401
148: http://auth-31d07c2fe3c3419c96fcecc81c6e1a6d.cdn.spilcloud.com/dev-2a6/6b687327-8c6c-42d1-6e99-e21e672bab56.bin 401
149: http://auth-31d07c2fe3c3419c96fcecc81c6e1a6d.cdn.spilcloud.com/dev-2a6/8837e04a-9245-41be-56d2-3dfebcc7f1ba.bin 401
150: http://auth-31d07c2fe3c3419c96fcecc81c6e1a6d.cdn.spilcloud.com/dev-2a6/856d4fb4-d314-4d58-711e-4b7182380815.bin 401
151: http://auth-31d07c2fe3c3419c96fcecc81c6e1a6d.cdn.spilcloud.com/dev-ed/8614caf7-a06f-4720-7ac5-c9f6115e66d0.bin 401
152: http://auth-31d07c2fe3c3419c96fcecc81c6e1a6d.cdn.spilcloud.com/dev-2a6/ccd6a923-2a2c-4548-4118-7184f49bcbfd.bin 401
153: http://auth-31d07c2fe3c3419c96fcecc81c6e1a6d.cdn.spilcloud.com/dev-2a6/fdd25923-9abd-4f85-7b94-4befa4756ded.bin 401
154: http://auth-31d07c2fe3c3419c96fcecc81c6e1a6d.cdn.spilcloud.com/dev-ef/22c1b93c-bfe9-4190-7f4a-e24ef3e3e674.bin 401
155: http://auth-31d07c2fe3c3419c96fcecc81c6e1a6d.cdn.spilcloud.com/dev-2a6/86f8e94f-2ad1-4545-5ae5-650aefc70729.bin 401
156: http://auth-31d07c2fe3c3419c96fcecc81c6e1a6d.cdn.spilcloud.com/dev-2a6/72a91d1f-0fb4-4eef-4f31-73f3df022b81.bin 401
157: http://auth-31d07c2fe3c3419c96fcecc81c6e1a6d.cdn.spilcloud.com/dev-2a6/9f11ac45-8d20-4b26-6f6c-3669d6d45718.bin 401
158: http://auth-31d07c2fe3c3419c96fcecc81c6e1a6d.cdn.spilcloud.com/dev-ed/23cb4b2a-7ba7-418f-6692-3a005b60b0d9.bin 401
159: http://auth-31d07c2fe3c3419c96fcecc81c6e1a6d.cdn.spilcloud.com/dev-ef/cd07ece7-f749-4b86-5cab-1517cd5c7943.bin 401
160: http://auth-31d07c2fe3c3419c96fcecc81c6e1a6d.cdn.spilcloud.com/dev-ed/65c91866-2f86-4a18-6fe8-a541ed3bea29.bin 401
161: http://auth-31d07c2fe3c3419c96fcecc81c6e1a6d.cdn.spilcloud.com/dev-ef/8c072e47-d898-4154-73f6-c74a6d61d0aa.bin 401
162: http://auth-31d07c2fe3c3419c96fcecc81c6e1a6d.cdn.spilcloud.com/dev-ef/a8755031-12ce-4e65-7edc-a436554239e0.bin 401
163: http://auth-31d07c2fe3c3419c96fcecc81c6e1a6d.cdn.spilcloud.com/dev-ef/a30c8cf9-1325-407b-46da-aa3b3c51f014.bin 401
164: http://auth-31d07c2fe3c3419c96fcecc81c6e1a6d.cdn.spilcloud.com/dev-2a6/cb18e8f9-41f5-4405-5e34-40245cdacba0.bin 401
165: http://auth-31d07c2fe3c3419c96fcecc81c6e1a6d.cdn.spilcloud.com/dev-ed/df782d48-f666-4d5d-4957-2861aade8439.bin 401
166: http://auth-31d07c2fe3c3419c96fcecc81c6e1a6d.cdn.spilcloud.com/dev-ed/9661a322-49b4-4038-4fab-6b153dc021ca.bin 401
167: http://auth-31d07c2fe3c3419c96fcecc81c6e1a6d.cdn.spilcloud.com/dev-ef/2f28ce47-9a73-468d-7c03-632cc0c3f53e.bin 401
168: http://auth-31d07c2fe3c3419c96fcecc81c6e1a6d.cdn.spilcloud.com/dev-ed/a3b70e86-d413-4be0-6aa0-6141d83da6c1.bin 401
169: http://auth-31d07c2fe3c3419c96fcecc81c6e1a6d.cdn.spilcloud.com/dev-2a6/73419ed6-a530-4d72-61d5-cf6c13bd5e41.bin 401
170: http://auth-31d07c2fe3c3419c96fcecc81c6e1a6d.cdn.spilcloud.com/dev-2a6/6af40724-2cae-4e16-56ff-813107286dc0.bin 401
171: http://auth-31d07c2fe3c3419c96fcecc81c6e1a6d.cdn.spilcloud.com/dev-2a6/a9782928-5b23-40fc-4160-6a1a3b40e50f.bin 401
172: http://auth-31d07c2fe3c3419c96fcecc81c6e1a6d.cdn.spilcloud.com/dev-ef/4b1e199f-4c33-4e4a-611a-dc35e6cb5091.bin 401
173: http://auth-31d07c2fe3c3419c96fcecc81c6e1a6d.cdn.spilcloud.com/dev-ed/5b7008c1-cf0c-4993-597c-8eb81e556101.bin 401
174: http://auth-31d07c2fe3c3419c96fcecc81c6e1a6d.cdn.spilcloud.com/dev-2a6/066802db-e2b4-4b54-5548-636f445a3116.bin 401
175: http://auth-31d07c2fe3c3419c96fcecc81c6e1a6d.cdn.spilcloud.com/dev-2a6/dde69b08-9bf7-4add-6578-d222eba31d60.bin 401
176: http://auth-31d07c2fe3c3419c96fcecc81c6e1a6d.cdn.spilcloud.com/dev-ed/98ea7c47-3b81-459b-73cd-fb0410e84c8f.bin 401
177: http://auth-31d07c2fe3c3419c96fcecc81c6e1a6d.cdn.spilcloud.com/dev-ed/9aaf5bce-3d57-45ab-5efe-21b56036981b.bin 401
178: http://auth-31d07c2fe3c3419c96fcecc81c6e1a6d.cdn.spilcloud.com/dev-2a6/92355b36-b7a8-4985-60ed-87c79b4c4274.bin 401
179: http://auth-31d07c2fe3c3419c96fcecc81c6e1a6d.cdn.spilcloud.com/dev-ed/0a444bb3-7b7f-4d02-4d28-9c3d17026632.bin 401
180: http://auth-31d07c2fe3c3419c96fcecc81c6e1a6d.cdn.spilcloud.com/dev-ed/e99481ff-b335-4091-5748-15a3693a1ae3.bin 401
181: http://auth-31d07c2fe3c3419c96fcecc81c6e1a6d.cdn.spilcloud.com/dev-2a6/7c3b9b9e-98aa-4688-681f-b9c268da4914.bin 401
182: http://auth-31d07c2fe3c3419c96fcecc81c6e1a6d.cdn.spilcloud.com/dev-ef/1389e44d-5fe5-4700-4533-0dab827651ee.bin 401
183: http://auth-31d07c2fe3c3419c96fcecc81c6e1a6d.cdn.spilcloud.com/dev-ef/a9385ecd-6818-4959-7a50-7f1faab0a881.bin 401
184: http://auth-31d07c2fe3c3419c96fcecc81c6e1a6d.cdn.spilcloud.com/dev-2a6/2a6c9372-dc36-41a6-59de-6d18ca2c93f5.bin 401
185: http://auth-31d07c2fe3c3419c96fcecc81c6e1a6d.cdn.spilcloud.com/dev-ed/e7958f80-2e62-4cf4-6ee4-4c6342e8c98f.bin 401
186: http://auth-31d07c2fe3c3419c96fcecc81c6e1a6d.cdn.spilcloud.com/dev-2a6/6c5c56a2-53ab-42a1-76ed-5a5799dc1d7f.bin 401
187: http://auth-31d07c2fe3c3419c96fcecc81c6e1a6d.cdn.spilcloud.com/dev-ef/fe8156bf-4239-4f80-5807-2599e1c912f1.bin 401
188: http://auth-31d07c2fe3c3419c96fcecc81c6e1a6d.cdn.spilcloud.com/dev-2a6/4028ecf3-8ef7-4d51-7d13-dbce37456768.bin 401
189: http://auth-31d07c2fe3c3419c96fcecc81c6e1a6d.cdn.spilcloud.com/dev-2a6/54d4095a-c2fa-4143-457a-f6a88c96e94e.bin 401
190: http://auth-31d07c2fe3c3419c96fcecc81c6e1a6d.cdn.spilcloud.com/dev-2a6/77a8a057-777f-4dea-7e45-4c67c1361245.bin 401
191: http://auth-31d07c2fe3c3419c96fcecc81c6e1a6d.cdn.spilcloud.com/dev-2a6/a843b553-510b-4b7d-6c13-6dc8cc3fcaf9.bin 401
192: http://auth-31d07c2fe3c3419c96fcecc81c6e1a6d.cdn.spilcloud.com/dev-ef/dc4d7ebc-07f0-4899-5dc4-cc0897286b4d.bin 401
193: http://auth-31d07c2fe3c3419c96fcecc81c6e1a6d.cdn.spilcloud.com/dev-ef/e616b5d0-45e6-468e-6d50-1609872ab6c3.bin 401
194: http://auth-31d07c2fe3c3419c96fcecc81c6e1a6d.cdn.spilcloud.com/dev-ef/1c5c4562-021c-486d-6328-033219d576fb.bin 401
195: http://auth-31d07c2fe3c3419c96fcecc81c6e1a6d.cdn.spilcloud.com/dev-ef/a9b47fbf-c4ea-4091-58a9-a3c4fb9683ce.bin 401
196: http://auth-31d07c2fe3c3419c96fcecc81c6e1a6d.cdn.spilcloud.com/dev-ed/9d68f8cb-8e29-48ac-40fe-97c93ed672fb.bin 401
197: http://auth-31d07c2fe3c3419c96fcecc81c6e1a6d.cdn.spilcloud.com/dev-ed/80c1815f-5f63-44bb-7662-cf86b3a682d7.bin 401
198: http://auth-31d07c2fe3c3419c96fcecc81c6e1a6d.cdn.spilcloud.com/dev-2a6/ead4f5e1-1bd1-4f8b-5917-27f8e8723a55.bin 401
199: http://auth-31d07c2fe3c3419c96fcecc81c6e1a6d.cdn.spilcloud.com/dev-ed/20d36d04-99ec-433b-6c4c-1a71fc02b5c2.bin 401
200: http://auth-31d07c2fe3c3419c96fcecc81c6e1a6d.cdn.spilcloud.com/dev-2a6/ccad5fb7-97b9-4168-489d-4290205b7e9b.bin 401
201: http://auth-31d07c2fe3c3419c96fcecc81c6e1a6d.cdn.spilcloud.com/dev-2a6/77176fbb-77ff-415e-53e3-1cbb7d7e3eb6.bin 401
202: http://auth-31d07c2fe3c3419c96fcecc81c6e1a6d.cdn.spilcloud.com/dev-ed/a6a40098-e611-4951-6d3d-8b2a701dc8c6.bin 401
203: http://auth-31d07c2fe3c3419c96fcecc81c6e1a6d.cdn.spilcloud.com/dev-2a6/026e5479-1d11-4293-78ef-6901cc8b2d86.bin 401
204: http://auth-31d07c2fe3c3419c96fcecc81c6e1a6d.cdn.spilcloud.com/dev-ef/eed4df28-60e9-42a0-5c62-e082816b3ddd.bin 401
205: http://auth-31d07c2fe3c3419c96fcecc81c6e1a6d.cdn.spilcloud.com/dev-2a6/e1e05f77-8c05-427a-74eb-a3ac4899772b.bin 401
206: http://auth-31d07c2fe3c3419c96fcecc81c6e1a6d.cdn.spilcloud.com/dev-ed/2f9a170d-2d08-4112-403c-8638bac105d8.bin 401
207: http://auth-31d07c2fe3c3419c96fcecc81c6e1a6d.cdn.spilcloud.com/dev-ef/895540ed-8a6a-4abf-6eb7-a6455d38744b.bin 401
208: http://auth-31d07c2fe3c3419c96fcecc81c6e1a6d.cdn.spilcloud.com/dev-ef/3b4938ed-2234-4988-486c-fac28c65abea.bin 401
209: http://auth-31d07c2fe3c3419c96fcecc81c6e1a6d.cdn.spilcloud.com/dev-ef/65776609-74ef-488f-6be8-728f9296af2d.bin 401
210: http://auth-31d07c2fe3c3419c96fcecc81c6e1a6d.cdn.spilcloud.com/dev-2a6/1dfec5d0-ffa2-439a-404a-f11ea7d9b5d1.bin 401
211: http://auth-31d07c2fe3c3419c96fcecc81c6e1a6d.cdn.spilcloud.com/dev-2a6/29ca7b9e-0ea3-4b7a-66a6-e9c2fcc65b8f.bin 401
212: http://auth-31d07c2fe3c3419c96fcecc81c6e1a6d.cdn.spilcloud.com/dev-ef/143b3f8c-ed1b-41f5-6c5f-37d00884f3b9.bin 401
213: http://auth-31d07c2fe3c3419c96fcecc81c6e1a6d.cdn.spilcloud.com/dev-ef/a9b818fd-022b-4aea-5c2b-b6554030c715.bin 401
214: http://auth-31d07c2fe3c3419c96fcecc81c6e1a6d.cdn.spilcloud.com/dev-ef/84f71f8e-7eb3-4dc6-79d9-65f9d0ba37d1.bin 401
215: http://auth-31d07c2fe3c3419c96fcecc81c6e1a6d.cdn.spilcloud.com/dev-ed/be47b896-5427-423c-4238-d6e1ae082a61.bin 401
216: http://auth-31d07c2fe3c3419c96fcecc81c6e1a6d.cdn.spilcloud.com/dev-ef/785230e5-1fc2-4369-7e5c-303d5f682a1e.bin 401
217: http://auth-31d07c2fe3c3419c96fcecc81c6e1a6d.cdn.spilcloud.com/dev-ed/ed5785cf-7875-4bf8-76b1-163fc5046094.bin 401
218: http://auth-31d07c2fe3c3419c96fcecc81c6e1a6d.cdn.spilcloud.com/dev-2a6/635fe839-c024-4301-419d-4d8b42d72125.bin 401
219: http://auth-31d07c2fe3c3419c96fcecc81c6e1a6d.cdn.spilcloud.com/dev-ed/59e35357-560a-4641-4682-d9d928c85d8e.bin 401
220: http://auth-31d07c2fe3c3419c96fcecc81c6e1a6d.cdn.spilcloud.com/dev-ed/f69e7dd6-c5c9-431f-6e33-00ae5653bc43.bin 401
221: http://auth-31d07c2fe3c3419c96fcecc81c6e1a6d.cdn.spilcloud.com/dev-2a6/bed1b6cc-ffd1-4db2-646b-87de4a6363bd.bin 401
222: http://auth-31d07c2fe3c3419c96fcecc81c6e1a6d.cdn.spilcloud.com/dev-ed/0abd0794-0cac-47d5-4b22-d4a73dea79b7.bin 401
223: http://auth-31d07c2fe3c3419c96fcecc81c6e1a6d.cdn.spilcloud.com/dev-ef/90954063-a62a-441b-77ef-f42eb255259c.bin 401
224: http://auth-31d07c2fe3c3419c96fcecc81c6e1a6d.cdn.spilcloud.com/dev-2a6/dcfc1d61-194e-49e8-7ce5-5ac9dc030862.bin 401
225: http://auth-31d07c2fe3c3419c96fcecc81c6e1a6d.cdn.spilcloud.com/dev-2a6/3449c627-9966-4d58-7853-ef51b819c941.bin 401
226: http://auth-31d07c2fe3c3419c96fcecc81c6e1a6d.cdn.spilcloud.com/dev-ed/7adfe98d-bfbf-4c0c-79d6-dbdd4fcc9db5.bin 401
227: http://auth-31d07c2fe3c3419c96fcecc81c6e1a6d.cdn.spilcloud.com/dev-2a6/40106baf-6f60-4992-7c38-ef7a3576209b.bin 401
228: http://auth-31d07c2fe3c3419c96fcecc81c6e1a6d.cdn.spilcloud.com/dev-ef/317bf63b-eb9c-4f00-6d0c-749ca6590c52.bin 401
229: http://auth-31d07c2fe3c3419c96fcecc81c6e1a6d.cdn.spilcloud.com/dev-ed/724c270b-a7fc-4675-6757-976d2a867da5.bin 401
230: http://auth-31d07c2fe3c3419c96fcecc81c6e1a6d.cdn.spilcloud.com/dev-2a6/6dbab190-d8a7-402d-7663-4b32a537758a.bin 401
231: http://auth-31d07c2fe3c3419c96fcecc81c6e1a6d.cdn.spilcloud.com/dev-ed/0e3a43a4-57c9-41e9-4b9d-caf719ae2a0b.bin 401
232: http://auth-31d07c2fe3c3419c96fcecc81c6e1a6d.cdn.spilcloud.com/dev-2a6/23f09a64-e40f-4126-7885-3ad6f9b06f92.bin 401
233: http://auth-31d07c2fe3c3419c96fcecc81c6e1a6d.cdn.spilcloud.com/dev-ef/112bf351-ceb1-4e5e-4c92-69096967abe4.bin 401
234: http://auth-31d07c2fe3c3419c96fcecc81c6e1a6d.cdn.spilcloud.com/dev-2a6/79067657-ae4f-49f0-491b-22a6aca82251.bin 401
235: http://auth-31d07c2fe3c3419c96fcecc81c6e1a6d.cdn.spilcloud.com/dev-ed/ce317023-365a-4614-4bc6-e1c75c9116dc.bin 401
236: http://auth-31d07c2fe3c3419c96fcecc81c6e1a6d.cdn.spilcloud.com/dev-ef/b1143fa7-4841-4989-5411-3c2225849255.bin 401
237: http://auth-31d07c2fe3c3419c96fcecc81c6e1a6d.cdn.spilcloud.com/dev-ed/6a56a737-d45f-402b-5df0-1cce721f13ab.bin 401
238: http://auth-31d07c2fe3c3419c96fcecc81c6e1a6d.cdn.spilcloud.com/dev-ed/f7959e15-d2bb-4b1e-4235-c3a6712a39d7.bin 401
239: http://auth-31d07c2fe3c3419c96fcecc81c6e1a6d.cdn.spilcloud.com/dev-ef/2186f426-7f93-4ee2-505f-2eb7e3d73eed.bin 401
240: http://auth-31d07c2fe3c3419c96fcecc81c6e1a6d.cdn.spilcloud.com/dev-ef/03d80fbd-f067-46c0-5d0a-d3d78d8deb1a.bin 401
241: http://auth-31d07c2fe3c3419c96fcecc81c6e1a6d.cdn.spilcloud.com/dev-2a6/a84a9d3d-99ae-47c2-758b-448402716db0.bin 401
242: http://auth-31d07c2fe3c3419c96fcecc81c6e1a6d.cdn.spilcloud.com/dev-ef/e57b35a9-6ad4-4263-7139-ac05f07dc7df.bin 401
243: http://auth-31d07c2fe3c3419c96fcecc81c6e1a6d.cdn.spilcloud.com/dev-2a6/63e50e53-060f-44c4-5553-dd3ae2496280.bin 401
244: http://auth-31d07c2fe3c3419c96fcecc81c6e1a6d.cdn.spilcloud.com/dev-ef/b1dcf407-2e31-45a3-7b6a-1018f08f8388.bin 401
245: http://auth-31d07c2fe3c3419c96fcecc81c6e1a6d.cdn.spilcloud.com/dev-2a6/ee4ad115-a182-46dc-625f-e0eb1de6714a.bin 401
246: http://auth-31d07c2fe3c3419c96fcecc81c6e1a6d.cdn.spilcloud.com/dev-2a6/800bf266-d1c6-436c-4874-938d60f733b8.bin 401
247: http://auth-31d07c2fe3c3419c96fcecc81c6e1a6d.cdn.spilcloud.com/dev-ef/080c2bbf-84df-4ea8-5b35-fb15540a63ee.bin 401
248: http://auth-31d07c2fe3c3419c96fcecc81c6e1a6d.cdn.spilcloud.com/dev-2a6/fc840139-945d-4a21-6a8c-c1fa803b1737.bin 401
249: http://auth-31d07c2fe3c3419c96fcecc81c6e1a6d.cdn.spilcloud.com/dev-ef/f92d65c6-2d2f-4d73-68f7-cb8f8758cdad.bin 401
250: http://auth-31d07c2fe3c3419c96fcecc81c6e1a6d.cdn.spilcloud.com/dev-ef/3287460b-0e00-4691-6b9d-f0b24113cee7.bin 401
251: http://auth-31d07c2fe3c3419c96fcecc81c6e1a6d.cdn.spilcloud.com/dev-ed/f1b7639e-e164-4f34-6db7-9c3ebd0b8f3d.bin 401
252: http://auth-31d07c2fe3c3419c96fcecc81c6e1a6d.cdn.spilcloud.com/dev-2a6/a12e0771-fa4d-4e1c-435c-188efe892b61.bin 401
253: http://auth-31d07c2fe3c3419c96fcecc81c6e1a6d.cdn.spilcloud.com/dev-2a6/6c96b55b-dd46-4b99-6ed1-419eb877cfe5.bin 401
254: http://auth-31d07c2fe3c3419c96fcecc81c6e1a6d.cdn.spilcloud.com/dev-ed/e581fcc1-4d52-48fd-4dc4-4fb0f16de57d.bin 401
255: http://auth-31d07c2fe3c3419c96fcecc81c6e1a6d.cdn.spilcloud.com/dev-ef/f6bc8d65-c916-4c7c-44a6-6ce82772da04.bin 401
256: http://auth-31d07c2fe3c3419c96fcecc81c6e1a6d.cdn.spilcloud.com/dev-ed/c471ec43-88e9-4d9f-6456-9c2a78c7bbb5.bin 401

	total: 252
0: http://auth-31d07c2fe3c3419c96fcecc81c6e1a6d.cdn.spilcloud.com/dev-ef/159abf13-c37c-48fe-46d8-f87df39076cf.bin 401
1: http://auth-31d07c2fe3c3419c96fcecc81c6e1a6d.cdn.spilcloud.com/dev-2a6/f13f5833-4175-4020-5736-79dbcd75d243.bin 401
2: http://auth-31d07c2fe3c3419c96fcecc81c6e1a6d.cdn.spilcloud.com/dev-2a6/c44af293-f2e1-4ce0-45e7-5df42b1ffa5e.bin 401
3: http://auth-31d07c2fe3c3419c96fcecc81c6e1a6d.cdn.spilcloud.com/dev-ef/7b6aa0ed-ce84-4ce0-7a03-d45b149f2cf0.bin 401
4: http://auth-31d07c2fe3c3419c96fcecc81c6e1a6d.cdn.spilcloud.com/dev-ef/4125c4ae-d68a-472e-53f3-8dedbb8c6a97.bin 401
5: http://auth-31d07c2fe3c3419c96fcecc81c6e1a6d.cdn.spilcloud.com/dev-ed/8cf4f87b-0789-4478-4b57-b4e4497bc6ec.bin 401
6: http://auth-31d07c2fe3c3419c96fcecc81c6e1a6d.cdn.spilcloud.com/dev-2a6/d02bf1bb-5219-4548-5824-cb9fd9856534.bin 401
7: http://auth-31d07c2fe3c3419c96fcecc81c6e1a6d.cdn.spilcloud.com/dev-ef/baaa4a4c-0faa-4d94-7080-85500a757e00.bin 401
8: http://auth-31d07c2fe3c3419c96fcecc81c6e1a6d.cdn.spilcloud.com/dev-ef/4ee2efb2-ea8c-43e3-52ba-d93ad5966c1f.bin 401
9: http://auth-31d07c2fe3c3419c96fcecc81c6e1a6d.cdn.spilcloud.com/dev-ed/a882f95a-2862-4a96-792b-e03ab899ab28.bin 401
10: http://auth-31d07c2fe3c3419c96fcecc81c6e1a6d.cdn.spilcloud.com/dev-ed/d71f3870-4b3a-4723-7424-69e9885c0e9e.bin 401
11: http://auth-31d07c2fe3c3419c96fcecc81c6e1a6d.cdn.spilcloud.com/dev-ef/c09d27e8-50a6-46e7-4a9c-d2a737944ccc.bin 401
12: http://auth-31d07c2fe3c3419c96fcecc81c6e1a6d.cdn.spilcloud.com/dev-ed/0862947d-d12b-492b-66ce-9bda52bde875.bin 401
13: http://auth-31d07c2fe3c3419c96fcecc81c6e1a6d.cdn.spilcloud.com/dev-ef/95c80d0b-a97a-4e24-4eb7-9cd5a1091763.bin 401
14: http://auth-31d07c2fe3c3419c96fcecc81c6e1a6d.cdn.spilcloud.com/dev-2a6/ac83b572-be53-43f3-5820-011f7d985803.bin 401
15: http://auth-31d07c2fe3c3419c96fcecc81c6e1a6d.cdn.spilcloud.com/dev-2a6/fd93ee22-e135-4872-4f57-a5a980f118f7.bin 401
16: http://auth-31d07c2fe3c3419c96fcecc81c6e1a6d.cdn.spilcloud.com/dev-2a6/538e1c00-3a34-4214-6ecf-7d19bfa8ffc3.bin 401
17: http://auth-31d07c2fe3c3419c96fcecc81c6e1a6d.cdn.spilcloud.com/dev-ed/612ee74c-4ef3-46d9-4ac1-99dac75ad7d5.bin 401
18: http://auth-31d07c2fe3c3419c96fcecc81c6e1a6d.cdn.spilcloud.com/dev-2a6/105d8cd3-6f40-4e87-69d8-573d898b079d.bin 401
19: http://auth-31d07c2fe3c3419c96fcecc81c6e1a6d.cdn.spilcloud.com/dev-2a6/7c65db21-a52a-45df-63b5-002913ae708b.bin 401
20: http://auth-31d07c2fe3c3419c96fcecc81c6e1a6d.cdn.spilcloud.com/dev-ed/0f138586-2f75-43ff-58c9-9c985fa32092.bin 401
21: http://auth-31d07c2fe3c3419c96fcecc81c6e1a6d.cdn.spilcloud.com/dev-ef/df3dc565-b1de-411c-5be4-91cf04331103.bin 401
22: http://auth-31d07c2fe3c3419c96fcecc81c6e1a6d.cdn.spilcloud.com/dev-2a6/bfecc9a3-1476-4a46-48f9-f491622c3fda.bin 401
23: http://auth-31d07c2fe3c3419c96fcecc81c6e1a6d.cdn.spilcloud.com/dev-ef/99f2b5b5-33a5-47b4-495f-0a400131e854.bin 401
24: http://auth-31d07c2fe3c3419c96fcecc81c6e1a6d.cdn.spilcloud.com/dev-ef/afcf3b09-4e86-4d46-709c-6bc88b80a264.bin 401
25: http://auth-31d07c2fe3c3419c96fcecc81c6e1a6d.cdn.spilcloud.com/dev-2a6/6d2c7e49-a3e7-4d73-50ad-fd8a3c3ac176.bin 401
26: http://auth-31d07c2fe3c3419c96fcecc81c6e1a6d.cdn.spilcloud.com/dev-ef/29068bc3-8106-410a-76e4-d69ed6db9c3c.bin 401
27: http://auth-31d07c2fe3c3419c96fcecc81c6e1a6d.cdn.spilcloud.com/dev-ef/7a3405a9-a19e-4db7-4597-8e3961b6220a.bin 401
28: http://auth-31d07c2fe3c3419c96fcecc81c6e1a6d.cdn.spilcloud.com/dev-ed/8276b76f-03fd-457e-62d4-1047a4c9ec75.bin 401
29: http://auth-31d07c2fe3c3419c96fcecc81c6e1a6d.cdn.spilcloud.com/dev-ed/1a85b759-b860-4d08-4548-93cb2321c79f.bin 401
30: http://auth-31d07c2fe3c3419c96fcecc81c6e1a6d.cdn.spilcloud.com/dev-ed/629acba7-f172-4dd1-7bd7-750d8383e458.bin 401
31: http://auth-31d07c2fe3c3419c96fcecc81c6e1a6d.cdn.spilcloud.com/dev-ed/7ef0930b-fdc9-4bb3-6217-012d057cd918.bin 401
32: http://auth-31d07c2fe3c3419c96fcecc81c6e1a6d.cdn.spilcloud.com/dev-ed/098f960a-f3f1-4865-5172-39298e9866d9.bin 401
33: http://auth-31d07c2fe3c3419c96fcecc81c6e1a6d.cdn.spilcloud.com/dev-ef/56e5dbef-b5a4-43a2-6f02-5cfafffaf4fe.bin 401
34: http://auth-31d07c2fe3c3419c96fcecc81c6e1a6d.cdn.spilcloud.com/dev-ef/baf2f32d-21e1-4be5-5015-feaeddbfba2e.bin 401
35: http://auth-31d07c2fe3c3419c96fcecc81c6e1a6d.cdn.spilcloud.com/dev-ef/e1ca0644-130f-4bea-57eb-ddba4a57a7d4.bin 401
36: http://auth-31d07c2fe3c3419c96fcecc81c6e1a6d.cdn.spilcloud.com/dev-2a6/aff5d6d9-97c3-4982-51fb-72552d653b0d.bin 401
37: http://auth-31d07c2fe3c3419c96fcecc81c6e1a6d.cdn.spilcloud.com/dev-ef/5075168f-5d61-4134-5a1b-3105fd6a6c99.bin 401
38: http://auth-31d07c2fe3c3419c96fcecc81c6e1a6d.cdn.spilcloud.com/dev-ed/45613663-67bf-4d60-5cd3-fe1bb4b0b61c.bin 401
39: http://auth-31d07c2fe3c3419c96fcecc81c6e1a6d.cdn.spilcloud.com/dev-ed/79b7c760-d2a1-475f-68df-5be54aa9ace0.bin 401
40: http://auth-31d07c2fe3c3419c96fcecc81c6e1a6d.cdn.spilcloud.com/dev-ef/822880b9-bd9f-48ae-68d0-0f314af40afa.bin 401
41: http://auth-31d07c2fe3c3419c96fcecc81c6e1a6d.cdn.spilcloud.com/dev-ed/3c2fd8e5-c68d-4102-6a7a-ed37c9b4d0fd.bin 401
42: http://auth-31d07c2fe3c3419c96fcecc81c6e1a6d.cdn.spilcloud.com/dev-2a6/13fd590d-d8cf-4f6a-6666-8323197fc623.bin 401
43: http://auth-31d07c2fe3c3419c96fcecc81c6e1a6d.cdn.spilcloud.com/dev-ed/f4caa0d0-f596-43e6-4d50-0effb9381c28.bin 401
44: http://auth-31d07c2fe3c3419c96fcecc81c6e1a6d.cdn.spilcloud.com/dev-2a6/5eb58676-b5f3-4000-6623-2036badd7c6e.bin 401
45: http://auth-31d07c2fe3c3419c96fcecc81c6e1a6d.cdn.spilcloud.com/dev-2a6/65bfa37d-2311-4005-418a-c439e2a58c14.bin 401
46: http://auth-31d07c2fe3c3419c96fcecc81c6e1a6d.cdn.spilcloud.com/dev-ef/4ef13057-7faf-4d21-62a2-b1be903ff732.bin 401
47: http://auth-31d07c2fe3c3419c96fcecc81c6e1a6d.cdn.spilcloud.com/dev-ed/f847c379-1f97-4998-417a-7d3cb0191e35.bin 401
48: http://auth-31d07c2fe3c3419c96fcecc81c6e1a6d.cdn.spilcloud.com/dev-ef/de675876-5d77-4d19-49f6-041bc5f46ce1.bin 401
49: http://auth-31d07c2fe3c3419c96fcecc81c6e1a6d.cdn.spilcloud.com/dev-ed/90672a9d-98ab-4510-61c4-23a4fd8b33bc.bin 401
50: http://auth-31d07c2fe3c3419c96fcecc81c6e1a6d.cdn.spilcloud.com/dev-ef/042d52c0-2275-47b9-7a46-fceca380d8fa.bin 401
51: http://auth-31d07c2fe3c3419c96fcecc81c6e1a6d.cdn.spilcloud.com/dev-ed/8a82f9e6-5b05-4b85-5aee-ddfdd656e8d8.bin 401
52: http://auth-31d07c2fe3c3419c96fcecc81c6e1a6d.cdn.spilcloud.com/dev-ed/f69336de-5fca-47b2-7444-0aa7f7953568.bin 401
53: http://auth-31d07c2fe3c3419c96fcecc81c6e1a6d.cdn.spilcloud.com/dev-ed/531830b8-de31-4c3d-67f9-f9af83217cef.bin 401
54: http://auth-31d07c2fe3c3419c96fcecc81c6e1a6d.cdn.spilcloud.com/dev-ef/4c8622df-a83e-4c3b-4d06-3b4ab9916e58.bin 401
55: http://auth-31d07c2fe3c3419c96fcecc81c6e1a6d.cdn.spilcloud.com/dev-ef/0d38f748-e3c8-4751-4a0a-6cd0ffc44963.bin 401
56: http://auth-31d07c2fe3c3419c96fcecc81c6e1a6d.cdn.spilcloud.com/dev-ef/abe46a54-2a2d-4df7-59e7-b1fa51b8eb7e.bin 401
57: http://auth-31d07c2fe3c3419c96fcecc81c6e1a6d.cdn.spilcloud.com/dev-ed/82c40201-418c-4409-6def-271b9b3cdde9.bin 401
58: http://auth-31d07c2fe3c3419c96fcecc81c6e1a6d.cdn.spilcloud.com/dev-ef/a589ad25-eba3-45c8-5764-cd32f191c03a.bin 401
59: http://auth-31d07c2fe3c3419c96fcecc81c6e1a6d.cdn.spilcloud.com/dev-ef/4ff844b6-fa4e-4677-455b-f8223a243772.bin 401
60: http://auth-31d07c2fe3c3419c96fcecc81c6e1a6d.cdn.spilcloud.com/dev-ed/5879b6d8-29c4-461f-43c0-31901e574dcd.bin 401
61: http://auth-31d07c2fe3c3419c96fcecc81c6e1a6d.cdn.spilcloud.com/dev-ef/156868b3-28f0-45d2-4d80-dd013dd6d81e.bin 401
62: http://auth-31d07c2fe3c3419c96fcecc81c6e1a6d.cdn.spilcloud.com/dev-ed/ba338148-0116-456c-78ea-2003a0f20316.bin 401
63: http://auth-31d07c2fe3c3419c96fcecc81c6e1a6d.cdn.spilcloud.com/dev-2a6/50fbf4fb-09f6-4eed-5f85-1efa71ab2cb0.bin 401
64: http://auth-31d07c2fe3c3419c96fcecc81c6e1a6d.cdn.spilcloud.com/dev-ef/486b4e20-884b-4695-791b-2d3b924684f0.bin 401
65: http://auth-31d07c2fe3c3419c96fcecc81c6e1a6d.cdn.spilcloud.com/dev-ef/b9abb9b3-ebdd-42f3-55e1-2c3b65e247a1.bin 401
66: http://auth-31d07c2fe3c3419c96fcecc81c6e1a6d.cdn.spilcloud.com/dev-ed/f914f002-1dab-41c3-4263-e1a369bbcf79.bin 401
67: http://auth-31d07c2fe3c3419c96fcecc81c6e1a6d.cdn.spilcloud.com/dev-2a6/7e461524-497f-4d16-671f-a942ed9ad4ce.bin 401
68: http://auth-31d07c2fe3c3419c96fcecc81c6e1a6d.cdn.spilcloud.com/dev-2a6/23881095-77f2-493d-734a-bf7bb8658625.bin 401
69: http://auth-31d07c2fe3c3419c96fcecc81c6e1a6d.cdn.spilcloud.com/dev-2a6/65aeedf9-f81e-44d9-78b2-a3e14ee39f4e.bin 401
70: http://auth-31d07c2fe3c3419c96fcecc81c6e1a6d.cdn.spilcloud.com/dev-2a6/f200196b-98af-4c8e-5b5c-39b106401576.bin 401
71: http://auth-31d07c2fe3c3419c96fcecc81c6e1a6d.cdn.spilcloud.com/dev-2a6/c60e6d14-1f3e-49da-69dd-51811e4bef3c.bin 401
72: http://auth-31d07c2fe3c3419c96fcecc81c6e1a6d.cdn.spilcloud.com/dev-ef/365ae6d5-4249-4cd4-572b-475b64309dfa.bin 401
73: http://auth-31d07c2fe3c3419c96fcecc81c6e1a6d.cdn.spilcloud.com/dev-2a6/12cdd63f-cb33-4fd5-64f7-846fc70eb9e1.bin 401
74: http://auth-31d07c2fe3c3419c96fcecc81c6e1a6d.cdn.spilcloud.com/dev-2a6/96ee09cf-7272-41ac-5451-770e5787fab2.bin 401
75: http://auth-31d07c2fe3c3419c96fcecc81c6e1a6d.cdn.spilcloud.com/dev-ed/4f822c2f-9729-41b1-4b9e-67f2792dc270.bin 401
76: http://auth-31d07c2fe3c3419c96fcecc81c6e1a6d.cdn.spilcloud.com/dev-ef/cfb4fbda-7f76-40da-522f-3c5ecfafdaea.bin 401
77: http://auth-31d07c2fe3c3419c96fcecc81c6e1a6d.cdn.spilcloud.com/dev-2a6/2a0b3336-4b2e-4e31-6630-7afa43d20e72.bin 401
78: http://auth-31d07c2fe3c3419c96fcecc81c6e1a6d.cdn.spilcloud.com/dev-ed/7eea92e1-b78d-432a-6b3e-19ac711683a8.bin 401
79: http://auth-31d07c2fe3c3419c96fcecc81c6e1a6d.cdn.spilcloud.com/dev-ef/15e0a561-42c8-423d-5edb-697ae6231c81.bin 401
80: http://auth-31d07c2fe3c3419c96fcecc81c6e1a6d.cdn.spilcloud.com/dev-ed/5b2b7eca-2faf-42b6-4085-1c3cd6fd5640.bin 401
81: http://auth-31d07c2fe3c3419c96fcecc81c6e1a6d.cdn.spilcloud.com/dev-2a6/ecaebd11-3f16-43ac-4672-83fcb37c9ba9.bin 401
82: http://auth-31d07c2fe3c3419c96fcecc81c6e1a6d.cdn.spilcloud.com/dev-2a6/63f1c0a4-9b77-4780-7d91-cabae14f83e8.bin 401
83: http://auth-31d07c2fe3c3419c96fcecc81c6e1a6d.cdn.spilcloud.com/dev-2a6/c3fa051a-6435-42a2-4674-82103a51fe80.bin 401
84: http://auth-31d07c2fe3c3419c96fcecc81c6e1a6d.cdn.spilcloud.com/dev-ed/2b6a3565-35e1-44a0-7b5f-d464886d498c.bin 401
85: http://auth-31d07c2fe3c3419c96fcecc81c6e1a6d.cdn.spilcloud.com/dev-2a6/e6a82e2f-13de-4515-73f1-9eaf6648e86d.bin 401
86: http://auth-31d07c2fe3c3419c96fcecc81c6e1a6d.cdn.spilcloud.com/dev-2a6/abd835a3-3ae6-4db7-4ee2-3a994e1563c1.bin 401
87: http://auth-31d07c2fe3c3419c96fcecc81c6e1a6d.cdn.spilcloud.com/dev-ef/eeb2fdac-8299-4d7e-55e8-53b371b3ce29.bin 401
88: http://auth-31d07c2fe3c3419c96fcecc81c6e1a6d.cdn.spilcloud.com/dev-ed/0d1b7eb0-52d5-4e84-5254-e880a0002c59.bin 401
89: http://auth-31d07c2fe3c3419c96fcecc81c6e1a6d.cdn.spilcloud.com/dev-ed/c9d2ac77-c10b-49f2-7607-1c1996849a71.bin 401
90: http://auth-31d07c2fe3c3419c96fcecc81c6e1a6d.cdn.spilcloud.com/dev-ef/440882a6-f1cd-4dd2-5f4c-8b14bd854fdf.bin 401
91: http://auth-31d07c2fe3c3419c96fcecc81c6e1a6d.cdn.spilcloud.com/dev-2a6/8e29eb9b-5050-4d32-7f00-cdaa19b7a8ab.bin 401
92: http://auth-31d07c2fe3c3419c96fcecc81c6e1a6d.cdn.spilcloud.com/dev-ed/c829fb34-87e1-4870-7de8-e2285035e9f4.bin 401
93: http://auth-31d07c2fe3c3419c96fcecc81c6e1a6d.cdn.spilcloud.com/dev-ed/b1225121-c2ce-4a4e-6919-8d39cd4099b7.bin 401
94: http://auth-31d07c2fe3c3419c96fcecc81c6e1a6d.cdn.spilcloud.com/dev-ef/9f122dbb-c492-497f-6eb6-efd8848815cd.bin 401
95: http://auth-31d07c2fe3c3419c96fcecc81c6e1a6d.cdn.spilcloud.com/dev-2a6/d04b5253-6ea5-49da-5f48-7db27b7a2666.bin 401
96: http://auth-31d07c2fe3c3419c96fcecc81c6e1a6d.cdn.spilcloud.com/dev-ed/7b7a771c-6a6e-4d37-49fa-9da3384f6483.bin 401
97: http://auth-31d07c2fe3c3419c96fcecc81c6e1a6d.cdn.spilcloud.com/dev-ef/f9a78c7c-8cfa-4654-45a8-42231465cfa6.bin 401
98: http://auth-31d07c2fe3c3419c96fcecc81c6e1a6d.cdn.spilcloud.com/dev-ef/6efe3122-f787-4924-5003-9f6b2a56da73.bin 401
99: http://auth-31d07c2fe3c3419c96fcecc81c6e1a6d.cdn.spilcloud.com/dev-2a6/aca55d08-b823-418a-7c6b-747f3ea54cb6.bin 401
100: http://auth-31d07c2fe3c3419c96fcecc81c6e1a6d.cdn.spilcloud.com/dev-ed/cc19f20e-a036-4298-5320-c3bf8e28557d.bin 401
101: http://auth-31d07c2fe3c3419c96fcecc81c6e1a6d.cdn.spilcloud.com/dev-ed/087b4dd8-315a-4904-784f-cf2ec9cd00a6.bin 401
102: http://auth-31d07c2fe3c3419c96fcecc81c6e1a6d.cdn.spilcloud.com/dev-ef/55f3d7be-4f40-45c9-6e80-d43e6be44051.bin 401
103: http://auth-31d07c2fe3c3419c96fcecc81c6e1a6d.cdn.spilcloud.com/dev-ef/67d2063d-690a-4072-5ce6-a187f39b3a55.bin 401
104: http://auth-31d07c2fe3c3419c96fcecc81c6e1a6d.cdn.spilcloud.com/dev-ef/77ba5880-bc5d-4699-72e3-5583f1856a5f.bin 401
105: http://auth-31d07c2fe3c3419c96fcecc81c6e1a6d.cdn.spilcloud.com/dev-2a6/b7f97158-1221-4060-56b0-731dc68f006b.bin 401
106: http://auth-31d07c2fe3c3419c96fcecc81c6e1a6d.cdn.spilcloud.com/dev-2a6/ecc226e9-3a2c-4446-44b9-978b9716e07a.bin 401
107: http://auth-31d07c2fe3c3419c96fcecc81c6e1a6d.cdn.spilcloud.com/dev-ed/2212c781-a7de-417b-4a76-0802df4c8ffe.bin 401
108: http://auth-31d07c2fe3c3419c96fcecc81c6e1a6d.cdn.spilcloud.com/dev-2a6/61d28672-0293-4a65-56de-1f382d3b3a14.bin 401
109: http://auth-31d07c2fe3c3419c96fcecc81c6e1a6d.cdn.spilcloud.com/dev-ed/bc6def79-99ad-419f-400e-c590a50a3e88.bin 401
110: http://auth-31d07c2fe3c3419c96fcecc81c6e1a6d.cdn.spilcloud.com/dev-ef/b91f2d59-1f56-4ca4-7c88-d3065a2a6788.bin 401
111: http://auth-31d07c2fe3c3419c96fcecc81c6e1a6d.cdn.spilcloud.com/dev-ef/9097a726-c931-4b16-5935-ec0c52dfc60a.bin 401
112: http://auth-31d07c2fe3c3419c96fcecc81c6e1a6d.cdn.spilcloud.com/dev-ed/579f4bb7-c225-49cc-681e-8bff47f433c7.bin 401
113: http://auth-31d07c2fe3c3419c96fcecc81c6e1a6d.cdn.spilcloud.com/dev-ef/f9543866-4d26-4d38-5278-4d62fb5ee698.bin 401
114: http://auth-31d07c2fe3c3419c96fcecc81c6e1a6d.cdn.spilcloud.com/dev-ed/71cf8fb0-4f14-4566-7d63-0b0fffb9abfd.bin 401
115: http://auth-31d07c2fe3c3419c96fcecc81c6e1a6d.cdn.spilcloud.com/dev-ed/6140fcce-69ef-4e63-5733-d09a3924c3d3.bin 401
116: http://auth-31d07c2fe3c3419c96fcecc81c6e1a6d.cdn.spilcloud.com/dev-ef/167a4680-2dbc-4924-5225-b5cdf3e5d4cb.bin 401
117: http://auth-31d07c2fe3c3419c96fcecc81c6e1a6d.cdn.spilcloud.com/dev-ef/bc5c8dd8-5ffb-4fbf-433f-64d267a6575f.bin 401
118: http://auth-31d07c2fe3c3419c96fcecc81c6e1a6d.cdn.spilcloud.com/dev-ed/ff81e494-cb65-43d4-6f8e-477418a6b47e.bin 401
119: http://auth-31d07c2fe3c3419c96fcecc81c6e1a6d.cdn.spilcloud.com/dev-2a6/6e2092b5-d3e9-49e3-77e2-35107c763cb9.bin 401
120: http://auth-31d07c2fe3c3419c96fcecc81c6e1a6d.cdn.spilcloud.com/dev-ed/93952bc7-e322-456d-64f5-d65df30339e5.bin 401
121: http://auth-31d07c2fe3c3419c96fcecc81c6e1a6d.cdn.spilcloud.com/dev-ef/c0779703-0f52-4a82-442f-bdde48f7bc2f.bin 401
122: http://auth-31d07c2fe3c3419c96fcecc81c6e1a6d.cdn.spilcloud.com/dev-ef/fccd72b3-49ac-4289-4ed6-6b368650de8e.bin 401
123: http://auth-31d07c2fe3c3419c96fcecc81c6e1a6d.cdn.spilcloud.com/dev-ef/c74d2b68-470d-4572-6512-e38a116c9600.bin 401
124: http://auth-31d07c2fe3c3419c96fcecc81c6e1a6d.cdn.spilcloud.com/dev-ed/038d8885-328c-425a-5488-ce6728b74825.bin 401
125: http://auth-31d07c2fe3c3419c96fcecc81c6e1a6d.cdn.spilcloud.com/dev-ed/8c52ac97-6cde-4234-4271-2d8baf70771b.bin 401
126: http://auth-31d07c2fe3c3419c96fcecc81c6e1a6d.cdn.spilcloud.com/dev-2a6/2f46479a-d154-4375-413b-f3aa56b0fe26.bin 401
127: http://auth-31d07c2fe3c3419c96fcecc81c6e1a6d.cdn.spilcloud.com/dev-ef/3333d5d5-2ed1-4bf1-4a71-c135f72a1b01.bin 401
128: http://auth-31d07c2fe3c3419c96fcecc81c6e1a6d.cdn.spilcloud.com/dev-2a6/f4f763f7-7d4d-4573-52a6-87bba5ea3bca.bin 401
129: http://auth-31d07c2fe3c3419c96fcecc81c6e1a6d.cdn.spilcloud.com/dev-ed/9c4db27d-59bd-4938-461a-d29a6831fff7.bin 401
130: http://auth-31d07c2fe3c3419c96fcecc81c6e1a6d.cdn.spilcloud.com/dev-ed/81d53071-bb64-4a3a-7f2b-a02a0b21114a.bin 401
131: http://auth-31d07c2fe3c3419c96fcecc81c6e1a6d.cdn.spilcloud.com/dev-ed/2537cc6a-0d38-430c-4483-a666a62cf18c.bin 401
132: http://auth-31d07c2fe3c3419c96fcecc81c6e1a6d.cdn.spilcloud.com/dev-ed/c8837040-6aef-4caf-4451-7c4afaf44201.bin 401
133: http://auth-31d07c2fe3c3419c96fcecc81c6e1a6d.cdn.spilcloud.com/dev-2a6/d56a3c1a-e5d2-42bc-715b-3d818dac9b2b.bin 401
134: http://auth-31d07c2fe3c3419c96fcecc81c6e1a6d.cdn.spilcloud.com/dev-2a6/bd1048fc-a95e-4a0f-6b19-2ba0a1fb84f9.bin 401
135: http://auth-31d07c2fe3c3419c96fcecc81c6e1a6d.cdn.spilcloud.com/dev-ed/b01ae877-e4cb-43a0-43af-5ed217a93635.bin 401
136: http://auth-31d07c2fe3c3419c96fcecc81c6e1a6d.cdn.spilcloud.com/dev-ef/c84ee962-8174-4f16-5a46-6d4deaf13b43.bin 401
137: http://auth-31d07c2fe3c3419c96fcecc81c6e1a6d.cdn.spilcloud.com/dev-ef/1950507a-d4df-4e96-5261-0985fd9f8c60.bin 401
138: http://auth-31d07c2fe3c3419c96fcecc81c6e1a6d.cdn.spilcloud.com/dev-ef/27ee98c6-7ed4-45d8-5157-2727a8e5106d.bin 401
139: http://auth-31d07c2fe3c3419c96fcecc81c6e1a6d.cdn.spilcloud.com/dev-ef/a8334440-0c73-409b-6c9a-00af8cf36460.bin 401
140: http://auth-31d07c2fe3c3419c96fcecc81c6e1a6d.cdn.spilcloud.com/dev-ed/604c9388-9de6-4aae-705e-b6c99e88036a.bin 401
141: http://auth-31d07c2fe3c3419c96fcecc81c6e1a6d.cdn.spilcloud.com/dev-ed/46e752a4-67a5-4ca0-4d5c-0c06be4c6a21.bin 401
142: http://auth-31d07c2fe3c3419c96fcecc81c6e1a6d.cdn.spilcloud.com/dev-ef/f6c3c065-b81d-4cd8-51ed-ab4437275c5b.bin 401
143: http://auth-31d07c2fe3c3419c96fcecc81c6e1a6d.cdn.spilcloud.com/dev-2a6/4ef33e3c-1e36-411c-7d2b-bcd22f27785f.bin 401
144: http://auth-31d07c2fe3c3419c96fcecc81c6e1a6d.cdn.spilcloud.com/dev-ed/692f2940-0c9a-4dc4-6906-6198c29f8cfd.bin 401
145: http://auth-31d07c2fe3c3419c96fcecc81c6e1a6d.cdn.spilcloud.com/dev-ef/fdad8ef2-f023-4814-7d95-9d519bfa5562.bin 401
146: http://auth-31d07c2fe3c3419c96fcecc81c6e1a6d.cdn.spilcloud.com/dev-2a6/d07d0a5c-7f5b-4414-567a-e1aa1bba2208.bin 401
147: http://auth-31d07c2fe3c3419c96fcecc81c6e1a6d.cdn.spilcloud.com/dev-2a6/edf35b31-816d-49b9-5a78-c7025e0db343.bin 401
148: http://auth-31d07c2fe3c3419c96fcecc81c6e1a6d.cdn.spilcloud.com/dev-2a6/6b687327-8c6c-42d1-6e99-e21e672bab56.bin 401
149: http://auth-31d07c2fe3c3419c96fcecc81c6e1a6d.cdn.spilcloud.com/dev-2a6/8837e04a-9245-41be-56d2-3dfebcc7f1ba.bin 401
150: http://auth-31d07c2fe3c3419c96fcecc81c6e1a6d.cdn.spilcloud.com/dev-2a6/856d4fb4-d314-4d58-711e-4b7182380815.bin 401
151: http://auth-31d07c2fe3c3419c96fcecc81c6e1a6d.cdn.spilcloud.com/dev-ed/8614caf7-a06f-4720-7ac5-c9f6115e66d0.bin 401
152: http://auth-31d07c2fe3c3419c96fcecc81c6e1a6d.cdn.spilcloud.com/dev-2a6/ccd6a923-2a2c-4548-4118-7184f49bcbfd.bin 401
153: http://auth-31d07c2fe3c3419c96fcecc81c6e1a6d.cdn.spilcloud.com/dev-2a6/fdd25923-9abd-4f85-7b94-4befa4756ded.bin 401
154: http://auth-31d07c2fe3c3419c96fcecc81c6e1a6d.cdn.spilcloud.com/dev-ef/22c1b93c-bfe9-4190-7f4a-e24ef3e3e674.bin 401
155: http://auth-31d07c2fe3c3419c96fcecc81c6e1a6d.cdn.spilcloud.com/dev-2a6/86f8e94f-2ad1-4545-5ae5-650aefc70729.bin 401
156: http://auth-31d07c2fe3c3419c96fcecc81c6e1a6d.cdn.spilcloud.com/dev-2a6/72a91d1f-0fb4-4eef-4f31-73f3df022b81.bin 401
157: http://auth-31d07c2fe3c3419c96fcecc81c6e1a6d.cdn.spilcloud.com/dev-2a6/9f11ac45-8d20-4b26-6f6c-3669d6d45718.bin 401
158: http://auth-31d07c2fe3c3419c96fcecc81c6e1a6d.cdn.spilcloud.com/dev-ed/23cb4b2a-7ba7-418f-6692-3a005b60b0d9.bin 401
159: http://auth-31d07c2fe3c3419c96fcecc81c6e1a6d.cdn.spilcloud.com/dev-ef/cd07ece7-f749-4b86-5cab-1517cd5c7943.bin 401
160: http://auth-31d07c2fe3c3419c96fcecc81c6e1a6d.cdn.spilcloud.com/dev-ed/65c91866-2f86-4a18-6fe8-a541ed3bea29.bin 401
161: http://auth-31d07c2fe3c3419c96fcecc81c6e1a6d.cdn.spilcloud.com/dev-ef/8c072e47-d898-4154-73f6-c74a6d61d0aa.bin 401
162: http://auth-31d07c2fe3c3419c96fcecc81c6e1a6d.cdn.spilcloud.com/dev-ef/a8755031-12ce-4e65-7edc-a436554239e0.bin 401
163: http://auth-31d07c2fe3c3419c96fcecc81c6e1a6d.cdn.spilcloud.com/dev-ef/a30c8cf9-1325-407b-46da-aa3b3c51f014.bin 401
164: http://auth-31d07c2fe3c3419c96fcecc81c6e1a6d.cdn.spilcloud.com/dev-2a6/cb18e8f9-41f5-4405-5e34-40245cdacba0.bin 401
165: http://auth-31d07c2fe3c3419c96fcecc81c6e1a6d.cdn.spilcloud.com/dev-ed/df782d48-f666-4d5d-4957-2861aade8439.bin 401
166: http://auth-31d07c2fe3c3419c96fcecc81c6e1a6d.cdn.spilcloud.com/dev-ed/9661a322-49b4-4038-4fab-6b153dc021ca.bin 401
167: http://auth-31d07c2fe3c3419c96fcecc81c6e1a6d.cdn.spilcloud.com/dev-ef/2f28ce47-9a73-468d-7c03-632cc0c3f53e.bin 401
168: http://auth-31d07c2fe3c3419c96fcecc81c6e1a6d.cdn.spilcloud.com/dev-ed/a3b70e86-d413-4be0-6aa0-6141d83da6c1.bin 401
169: http://auth-31d07c2fe3c3419c96fcecc81c6e1a6d.cdn.spilcloud.com/dev-2a6/73419ed6-a530-4d72-61d5-cf6c13bd5e41.bin 401
170: http://auth-31d07c2fe3c3419c96fcecc81c6e1a6d.cdn.spilcloud.com/dev-2a6/6af40724-2cae-4e16-56ff-813107286dc0.bin 401
171: http://auth-31d07c2fe3c3419c96fcecc81c6e1a6d.cdn.spilcloud.com/dev-2a6/a9782928-5b23-40fc-4160-6a1a3b40e50f.bin 401
172: http://auth-31d07c2fe3c3419c96fcecc81c6e1a6d.cdn.spilcloud.com/dev-ef/4b1e199f-4c33-4e4a-611a-dc35e6cb5091.bin 401
173: http://auth-31d07c2fe3c3419c96fcecc81c6e1a6d.cdn.spilcloud.com/dev-ed/5b7008c1-cf0c-4993-597c-8eb81e556101.bin 401
174: http://auth-31d07c2fe3c3419c96fcecc81c6e1a6d.cdn.spilcloud.com/dev-2a6/066802db-e2b4-4b54-5548-636f445a3116.bin 401
175: http://auth-31d07c2fe3c3419c96fcecc81c6e1a6d.cdn.spilcloud.com/dev-2a6/dde69b08-9bf7-4add-6578-d222eba31d60.bin 401
176: http://auth-31d07c2fe3c3419c96fcecc81c6e1a6d.cdn.spilcloud.com/dev-ed/98ea7c47-3b81-459b-73cd-fb0410e84c8f.bin 401
177: http://auth-31d07c2fe3c3419c96fcecc81c6e1a6d.cdn.spilcloud.com/dev-ed/9aaf5bce-3d57-45ab-5efe-21b56036981b.bin 401
178: http://auth-31d07c2fe3c3419c96fcecc81c6e1a6d.cdn.spilcloud.com/dev-2a6/92355b36-b7a8-4985-60ed-87c79b4c4274.bin 401
179: http://auth-31d07c2fe3c3419c96fcecc81c6e1a6d.cdn.spilcloud.com/dev-ed/0a444bb3-7b7f-4d02-4d28-9c3d17026632.bin 401
180: http://auth-31d07c2fe3c3419c96fcecc81c6e1a6d.cdn.spilcloud.com/dev-ed/e99481ff-b335-4091-5748-15a3693a1ae3.bin 401
181: http://auth-31d07c2fe3c3419c96fcecc81c6e1a6d.cdn.spilcloud.com/dev-2a6/7c3b9b9e-98aa-4688-681f-b9c268da4914.bin 401
182: http://auth-31d07c2fe3c3419c96fcecc81c6e1a6d.cdn.spilcloud.com/dev-ef/1389e44d-5fe5-4700-4533-0dab827651ee.bin 401
183: http://auth-31d07c2fe3c3419c96fcecc81c6e1a6d.cdn.spilcloud.com/dev-ef/a9385ecd-6818-4959-7a50-7f1faab0a881.bin 401
184: http://auth-31d07c2fe3c3419c96fcecc81c6e1a6d.cdn.spilcloud.com/dev-2a6/2a6c9372-dc36-41a6-59de-6d18ca2c93f5.bin 401
185: http://auth-31d07c2fe3c3419c96fcecc81c6e1a6d.cdn.spilcloud.com/dev-ed/e7958f80-2e62-4cf4-6ee4-4c6342e8c98f.bin 401
186: http://auth-31d07c2fe3c3419c96fcecc81c6e1a6d.cdn.spilcloud.com/dev-2a6/6c5c56a2-53ab-42a1-76ed-5a5799dc1d7f.bin 401
187: http://auth-31d07c2fe3c3419c96fcecc81c6e1a6d.cdn.spilcloud.com/dev-ef/fe8156bf-4239-4f80-5807-2599e1c912f1.bin 401
188: http://auth-31d07c2fe3c3419c96fcecc81c6e1a6d.cdn.spilcloud.com/dev-2a6/4028ecf3-8ef7-4d51-7d13-dbce37456768.bin 401
189: http://auth-31d07c2fe3c3419c96fcecc81c6e1a6d.cdn.spilcloud.com/dev-2a6/54d4095a-c2fa-4143-457a-f6a88c96e94e.bin 401
190: http://auth-31d07c2fe3c3419c96fcecc81c6e1a6d.cdn.spilcloud.com/dev-2a6/77a8a057-777f-4dea-7e45-4c67c1361245.bin 401
191: http://auth-31d07c2fe3c3419c96fcecc81c6e1a6d.cdn.spilcloud.com/dev-2a6/a843b553-510b-4b7d-6c13-6dc8cc3fcaf9.bin 401
192: http://auth-31d07c2fe3c3419c96fcecc81c6e1a6d.cdn.spilcloud.com/dev-ef/dc4d7ebc-07f0-4899-5dc4-cc0897286b4d.bin 401
193: http://auth-31d07c2fe3c3419c96fcecc81c6e1a6d.cdn.spilcloud.com/dev-ef/e616b5d0-45e6-468e-6d50-1609872ab6c3.bin 401
194: http://auth-31d07c2fe3c3419c96fcecc81c6e1a6d.cdn.spilcloud.com/dev-ef/1c5c4562-021c-486d-6328-033219d576fb.bin 401
195: http://auth-31d07c2fe3c3419c96fcecc81c6e1a6d.cdn.spilcloud.com/dev-ef/a9b47fbf-c4ea-4091-58a9-a3c4fb9683ce.bin 401
196: http://auth-31d07c2fe3c3419c96fcecc81c6e1a6d.cdn.spilcloud.com/dev-ed/9d68f8cb-8e29-48ac-40fe-97c93ed672fb.bin 401
197: http://auth-31d07c2fe3c3419c96fcecc81c6e1a6d.cdn.spilcloud.com/dev-ed/80c1815f-5f63-44bb-7662-cf86b3a682d7.bin 401
198: http://auth-31d07c2fe3c3419c96fcecc81c6e1a6d.cdn.spilcloud.com/dev-2a6/ead4f5e1-1bd1-4f8b-5917-27f8e8723a55.bin 401
199: http://auth-31d07c2fe3c3419c96fcecc81c6e1a6d.cdn.spilcloud.com/dev-ed/20d36d04-99ec-433b-6c4c-1a71fc02b5c2.bin 401
200: http://auth-31d07c2fe3c3419c96fcecc81c6e1a6d.cdn.spilcloud.com/dev-2a6/ccad5fb7-97b9-4168-489d-4290205b7e9b.bin 401
201: http://auth-31d07c2fe3c3419c96fcecc81c6e1a6d.cdn.spilcloud.com/dev-2a6/77176fbb-77ff-415e-53e3-1cbb7d7e3eb6.bin 401
202: http://auth-31d07c2fe3c3419c96fcecc81c6e1a6d.cdn.spilcloud.com/dev-ed/a6a40098-e611-4951-6d3d-8b2a701dc8c6.bin 401
203: http://auth-31d07c2fe3c3419c96fcecc81c6e1a6d.cdn.spilcloud.com/dev-2a6/026e5479-1d11-4293-78ef-6901cc8b2d86.bin 401
204: http://auth-31d07c2fe3c3419c96fcecc81c6e1a6d.cdn.spilcloud.com/dev-ef/eed4df28-60e9-42a0-5c62-e082816b3ddd.bin 401
205: http://auth-31d07c2fe3c3419c96fcecc81c6e1a6d.cdn.spilcloud.com/dev-2a6/e1e05f77-8c05-427a-74eb-a3ac4899772b.bin 401
206: http://auth-31d07c2fe3c3419c96fcecc81c6e1a6d.cdn.spilcloud.com/dev-ed/2f9a170d-2d08-4112-403c-8638bac105d8.bin 401
207: http://auth-31d07c2fe3c3419c96fcecc81c6e1a6d.cdn.spilcloud.com/dev-ef/895540ed-8a6a-4abf-6eb7-a6455d38744b.bin 401
208: http://auth-31d07c2fe3c3419c96fcecc81c6e1a6d.cdn.spilcloud.com/dev-ef/3b4938ed-2234-4988-486c-fac28c65abea.bin 401
209: http://auth-31d07c2fe3c3419c96fcecc81c6e1a6d.cdn.spilcloud.com/dev-ef/65776609-74ef-488f-6be8-728f9296af2d.bin 401
210: http://auth-31d07c2fe3c3419c96fcecc81c6e1a6d.cdn.spilcloud.com/dev-2a6/1dfec5d0-ffa2-439a-404a-f11ea7d9b5d1.bin 401
211: http://auth-31d07c2fe3c3419c96fcecc81c6e1a6d.cdn.spilcloud.com/dev-2a6/29ca7b9e-0ea3-4b7a-66a6-e9c2fcc65b8f.bin 401
212: http://auth-31d07c2fe3c3419c96fcecc81c6e1a6d.cdn.spilcloud.com/dev-ef/143b3f8c-ed1b-41f5-6c5f-37d00884f3b9.bin 401
213: http://auth-31d07c2fe3c3419c96fcecc81c6e1a6d.cdn.spilcloud.com/dev-ef/a9b818fd-022b-4aea-5c2b-b6554030c715.bin 401
214: http://auth-31d07c2fe3c3419c96fcecc81c6e1a6d.cdn.spilcloud.com/dev-ef/84f71f8e-7eb3-4dc6-79d9-65f9d0ba37d1.bin 401
215: http://auth-31d07c2fe3c3419c96fcecc81c6e1a6d.cdn.spilcloud.com/dev-ed/be47b896-5427-423c-4238-d6e1ae082a61.bin 401
216: http://auth-31d07c2fe3c3419c96fcecc81c6e1a6d.cdn.spilcloud.com/dev-ef/785230e5-1fc2-4369-7e5c-303d5f682a1e.bin 401
217: http://auth-31d07c2fe3c3419c96fcecc81c6e1a6d.cdn.spilcloud.com/dev-ed/ed5785cf-7875-4bf8-76b1-163fc5046094.bin 401
218: http://auth-31d07c2fe3c3419c96fcecc81c6e1a6d.cdn.spilcloud.com/dev-2a6/635fe839-c024-4301-419d-4d8b42d72125.bin 401
219: http://auth-31d07c2fe3c3419c96fcecc81c6e1a6d.cdn.spilcloud.com/dev-ed/59e35357-560a-4641-4682-d9d928c85d8e.bin 401
220: http://auth-31d07c2fe3c3419c96fcecc81c6e1a6d.cdn.spilcloud.com/dev-ed/f69e7dd6-c5c9-431f-6e33-00ae5653bc43.bin 401
221: http://auth-31d07c2fe3c3419c96fcecc81c6e1a6d.cdn.spilcloud.com/dev-2a6/bed1b6cc-ffd1-4db2-646b-87de4a6363bd.bin 401
222: http://auth-31d07c2fe3c3419c96fcecc81c6e1a6d.cdn.spilcloud.com/dev-ed/0abd0794-0cac-47d5-4b22-d4a73dea79b7.bin 401
223: http://auth-31d07c2fe3c3419c96fcecc81c6e1a6d.cdn.spilcloud.com/dev-ef/90954063-a62a-441b-77ef-f42eb255259c.bin 401
224: http://auth-31d07c2fe3c3419c96fcecc81c6e1a6d.cdn.spilcloud.com/dev-2a6/dcfc1d61-194e-49e8-7ce5-5ac9dc030862.bin 401
225: http://auth-31d07c2fe3c3419c96fcecc81c6e1a6d.cdn.spilcloud.com/dev-2a6/3449c627-9966-4d58-7853-ef51b819c941.bin 401
226: http://auth-31d07c2fe3c3419c96fcecc81c6e1a6d.cdn.spilcloud.com/dev-ed/7adfe98d-bfbf-4c0c-79d6-dbdd4fcc9db5.bin 401
227: http://auth-31d07c2fe3c3419c96fcecc81c6e1a6d.cdn.spilcloud.com/dev-2a6/40106baf-6f60-4992-7c38-ef7a3576209b.bin 401
228: http://auth-31d07c2fe3c3419c96fcecc81c6e1a6d.cdn.spilcloud.com/dev-ef/317bf63b-eb9c-4f00-6d0c-749ca6590c52.bin 401
229: http://auth-31d07c2fe3c3419c96fcecc81c6e1a6d.cdn.spilcloud.com/dev-ed/724c270b-a7fc-4675-6757-976d2a867da5.bin 401
230: http://auth-31d07c2fe3c3419c96fcecc81c6e1a6d.cdn.spilcloud.com/dev-2a6/6dbab190-d8a7-402d-7663-4b32a537758a.bin 401
231: http://auth-31d07c2fe3c3419c96fcecc81c6e1a6d.cdn.spilcloud.com/dev-ef/112bf351-ceb1-4e5e-4c92-69096967abe4.bin 401
232: http://auth-31d07c2fe3c3419c96fcecc81c6e1a6d.cdn.spilcloud.com/dev-2a6/79067657-ae4f-49f0-491b-22a6aca82251.bin 401
233: http://auth-31d07c2fe3c3419c96fcecc81c6e1a6d.cdn.spilcloud.com/dev-ed/ce317023-365a-4614-4bc6-e1c75c9116dc.bin 401
234: http://auth-31d07c2fe3c3419c96fcecc81c6e1a6d.cdn.spilcloud.com/dev-ef/b1143fa7-4841-4989-5411-3c2225849255.bin 401
235: http://auth-31d07c2fe3c3419c96fcecc81c6e1a6d.cdn.spilcloud.com/dev-ef/2186f426-7f93-4ee2-505f-2eb7e3d73eed.bin 401
236: http://auth-31d07c2fe3c3419c96fcecc81c6e1a6d.cdn.spilcloud.com/dev-ef/03d80fbd-f067-46c0-5d0a-d3d78d8deb1a.bin 401
237: http://auth-31d07c2fe3c3419c96fcecc81c6e1a6d.cdn.spilcloud.com/dev-2a6/a84a9d3d-99ae-47c2-758b-448402716db0.bin 401
238: http://auth-31d07c2fe3c3419c96fcecc81c6e1a6d.cdn.spilcloud.com/dev-ef/e57b35a9-6ad4-4263-7139-ac05f07dc7df.bin 401
239: http://auth-31d07c2fe3c3419c96fcecc81c6e1a6d.cdn.spilcloud.com/dev-2a6/63e50e53-060f-44c4-5553-dd3ae2496280.bin 401
240: http://auth-31d07c2fe3c3419c96fcecc81c6e1a6d.cdn.spilcloud.com/dev-ef/b1dcf407-2e31-45a3-7b6a-1018f08f8388.bin 401
241: http://auth-31d07c2fe3c3419c96fcecc81c6e1a6d.cdn.spilcloud.com/dev-2a6/ee4ad115-a182-46dc-625f-e0eb1de6714a.bin 401
242: http://auth-31d07c2fe3c3419c96fcecc81c6e1a6d.cdn.spilcloud.com/dev-2a6/800bf266-d1c6-436c-4874-938d60f733b8.bin 401
243: http://auth-31d07c2fe3c3419c96fcecc81c6e1a6d.cdn.spilcloud.com/dev-ef/080c2bbf-84df-4ea8-5b35-fb15540a63ee.bin 401
244: http://auth-31d07c2fe3c3419c96fcecc81c6e1a6d.cdn.spilcloud.com/dev-2a6/fc840139-945d-4a21-6a8c-c1fa803b1737.bin 401
245: http://auth-31d07c2fe3c3419c96fcecc81c6e1a6d.cdn.spilcloud.com/dev-ef/3287460b-0e00-4691-6b9d-f0b24113cee7.bin 401
246: http://auth-31d07c2fe3c3419c96fcecc81c6e1a6d.cdn.spilcloud.com/dev-ed/f1b7639e-e164-4f34-6db7-9c3ebd0b8f3d.bin 401
247: http://auth-31d07c2fe3c3419c96fcecc81c6e1a6d.cdn.spilcloud.com/dev-2a6/a12e0771-fa4d-4e1c-435c-188efe892b61.bin 401
248: http://auth-31d07c2fe3c3419c96fcecc81c6e1a6d.cdn.spilcloud.com/dev-2a6/6c96b55b-dd46-4b99-6ed1-419eb877cfe5.bin 401
249: http://auth-31d07c2fe3c3419c96fcecc81c6e1a6d.cdn.spilcloud.com/dev-ed/e581fcc1-4d52-48fd-4dc4-4fb0f16de57d.bin 401
250: http://auth-31d07c2fe3c3419c96fcecc81c6e1a6d.cdn.spilcloud.com/dev-ef/f6bc8d65-c916-4c7c-44a6-6ce82772da04.bin 401
251: http://auth-31d07c2fe3c3419c96fcecc81c6e1a6d.cdn.spilcloud.com/dev-ed/c471ec43-88e9-4d9f-6456-9c2a78c7bbb5.bin 401
http://auth-31d07c2fe3c3419c96fcecc81c6e1a6d.cdn.spilcloud.com
